Интерфейс "F_SOPRHOZ::SHManager" - не освобождено ссылок: 1
Интерфейс "M_MNPLAN::CommonFunAlg" - не освобождено ссылок: 1
Интерфейс "M_MNPLAN::GetCfgParams" - не освобождено ссылок: 1
Интерфейс "M_MNPLAN::GetNastr" - не освобождено ссылок: 2
Интерфейс "M_MNPLAN::GetNKau" - не освобождено ссылок: 1
Интерфейс "M_MNPLAN::GlobDataSource" - не освобождено ссылок: 1
Интерфейс "M_MNPLAN::iFltrMnPlan" - не освобождено ссылок: 1
Интерфейс "M_MNPLAN::iFuncDateTime" - не освобождено ссылок: 2
Интерфейс "M_MNPLAN::iKPN_CMN" - не освобождено ссылок: 1
Интерфейс "M_MNPLAN::iMNFRegDoc" - не освобождено ссылок: 1
Интерфейс "M_MNPLAN::iMNFRegPos" - не освобождено ссылок: 1
Интерфейс "M_MNPLAN::insTblSource" - не освобождено ссылок: 1
Интерфейс "M_MNPLAN::iSteckAn" - не освобождено ссылок: 2
Интерфейс "M_MNPLAN::iTypeObj" - не освобождено ссылок: 1
Интерфейс "M_MNPLAN::iUse_sFilters" - не освобождено ссылок: 1
Интерфейс "M_MNPLAN::Steck" - не освобождено ссылок: 1
Интерфейс "M_MnPlan::SteckTStrAndNum" - не освобождено ссылок: 6
Интерфейс "M_MNPLAN::Util_PerSource" - не освобождено ссылок: 1
Интерфейс "M_MNPLAN::Util_Service" - не освобождено ссылок: 1
Интерфейс "F_SOPRHOZ::SHManager" - не освобождено ссылок: 1
Интерфейс "M_MNPLAN::CommonFunAlg" - не освобождено ссылок: 1
Интерфейс "M_MNPLAN::GetCfgParams" - не освобождено ссылок: 1
Интерфейс "M_MNPLAN::GetNastr" - не освобождено ссылок: 2
Интерфейс "M_MNPLAN::GetNKau" - не освобождено ссылок: 1
Интерфейс "M_MNPLAN::GlobDataSource" - не освобождено ссылок: 1
Интерфейс "M_MNPLAN::iFltrMnPlan" - не освобождено ссылок: 1
Интерфейс "M_MNPLAN::iFuncDateTime" - не освобождено ссылок: 2
Интерфейс "M_MNPLAN::iKPN_CMN" - не освобождено ссылок: 1
Интерфейс "M_MNPLAN::iMNFRegDoc" - не освобождено ссылок: 1
Интерфейс "M_MNPLAN::iMNFRegPos" - не освобождено ссылок: 1
Интерфейс "M_MNPLAN::insTblSource" - не освобождено ссылок: 1
Интерфейс "M_MNPLAN::iSteckAn" - не освобождено ссылок: 2
Интерфейс "M_MNPLAN::iTypeObj" - не освобождено ссылок: 1
Интерфейс "M_MNPLAN::iUse_sFilters" - не освобождено ссылок: 1
Интерфейс "M_MNPLAN::Steck" - не освобождено ссылок: 1
Интерфейс "M_MnPlan::SteckTStrAndNum" - не освобождено ссылок: 6
Интерфейс "M_MNPLAN::Util_PerSource" - не освобождено ссылок: 1
Интерфейс "M_MNPLAN::Util_Service" - не освобождено ссылок: 1
