01:10:46 │  Предупреждение: Не задано имя компонента, компонентная принадлежность таблиц учитываться не будет (стр.17, поз.1 в Z:\VIP810\TNS\all\RS_UsrReports.vip)
         │ Interface UserReport_MENUAVTTransp_PutLstChk;
         │ ^
01:10:46 │  Предупреждение: Не найден файл контроля лицензий "Z:\VIP810\vip_gal\autoexec.vpp" !
         │ Без него не будет проверяться дата окончания абонентского обслуживания! (стр.30, поз.1 в Z:\VIP810\TNS\all\RS_UsrReports.vip)
         │ procedure Run;
         │ ^
01:10:46 │  Предупреждение: Не найден файл контроля лицензий "Z:\VIP810\vip_gal\autoexec.vpp" !
         │ Без него не будет проверяться дата окончания абонентского обслуживания! (стр.30, поз.1 в Z:\VIP810\TNS\all\RS_UsrReports.vip)
         │ procedure Run;
         │ ^
01:10:46 │  Предупреждение: Не найден файл контроля лицензий "Z:\VIP810\vip_gal\autoexec.vpp" !
         │ Без него не будет проверяться дата окончания абонентского обслуживания! (стр.30, поз.1 в Z:\VIP810\TNS\all\RS_UsrReports.vip)
         │ procedure Run;
         │ ^
01:10:46 │  Предупреждение: Не найден файл контроля лицензий "Z:\VIP810\vip_gal\autoexec.vpp" !
         │ Без него не будет проверяться дата окончания абонентского обслуживания! (стр.30, поз.1 в Z:\VIP810\TNS\all\RS_UsrReports.vip)
         │ procedure Run;
         │ ^
01:10:47 │  Предупреждение: Не найден файл контроля лицензий "Z:\VIP810\vip_gal\autoexec.vpp" !
         │ Без него не будет проверяться дата окончания абонентского обслуживания! (стр.30, поз.1 в Z:\VIP810\TNS\all\RS_UsrReports.vip)
         │ procedure Run;
         │ ^
01:10:47 │  Предупреждение: Не найден файл контроля лицензий "Z:\VIP810\vip_gal\autoexec.vpp" !
         │ Без него не будет проверяться дата окончания абонентского обслуживания! (стр.30, поз.1 в Z:\VIP810\TNS\all\RS_UsrReports.vip)
         │ procedure Run;
         │ ^
01:10:47 │  Предупреждение: Не найден файл контроля лицензий "Z:\VIP810\vip_gal\autoexec.vpp" !
         │ Без него не будет проверяться дата окончания абонентского обслуживания! (стр.30, поз.1 в Z:\VIP810\TNS\all\RS_UsrReports.vip)
         │ procedure Run;
         │ ^
01:10:47 │  Предупреждение: Не найден файл контроля лицензий "Z:\VIP810\vip_gal\autoexec.vpp" !
         │ Без него не будет проверяться дата окончания абонентского обслуживания! (стр.30, поз.1 в Z:\VIP810\TNS\all\RS_UsrReports.vip)
         │ procedure Run;
         │ ^
01:10:47 │  Предупреждение: Не найден файл контроля лицензий "Z:\VIP810\vip_gal\autoexec.vpp" !
         │ Без него не будет проверяться дата окончания абонентского обслуживания! (стр.30, поз.1 в Z:\VIP810\TNS\all\RS_UsrReports.vip)
         │ procedure Run;
         │ ^
01:10:47 │  Предупреждение: Не найден файл контроля лицензий "Z:\VIP810\vip_gal\autoexec.vpp" !
         │ Без него не будет проверяться дата окончания абонентского обслуживания! (стр.30, поз.1 в Z:\VIP810\TNS\all\RS_UsrReports.vip)
         │ procedure Run;
         │ ^
01:10:47 │  Предупреждение: Не найден файл контроля лицензий "Z:\VIP810\vip_gal\autoexec.vpp" !
         │ Без него не будет проверяться дата окончания абонентского обслуживания! (стр.19, поз.1 в Z:\VIP810\TNS\ALL\PodrFilterDef.Vip)
         │ table struct tmp_podrfilter
         │ ^
01:10:48 │  Предупреждение: Не найден файл контроля лицензий "Z:\VIP810\vip_gal\autoexec.vpp" !
         │ Без него не будет проверяться дата окончания абонентского обслуживания! (стр.54, поз.1 в Z:\VIP810\TNS\transp\CU_CreateAttrRef_Gal.vip)
         │ var
         │ ^
01:10:48 │  Предупреждение: Не найден файл контроля лицензий "Z:\VIP810\vip_gal\autoexec.vpp" !
         │ Без него не будет проверяться дата окончания абонентского обслуживания! (стр.10, поз.1 в Z:\VIP810\TNS\transp\get_Sostoyanie.vip)
         │ create view
         │ ^
01:10:48 │  Предупреждение: Не найден файл контроля лицензий "Z:\VIP810\vip_gal\autoexec.vpp" !
         │ Без него не будет проверяться дата окончания абонентского обслуживания! (стр.26, поз.1 в Z:\VIP810\TNS\transp\get_TipTex.vip)
         │ Table struct My_TipTex
         │ ^
01:10:48 │  Предупреждение: Не найден файл контроля лицензий "Z:\VIP810\vip_gal\autoexec.vpp" !
         │ Без него не будет проверяться дата окончания абонентского обслуживания! (стр.14, поз.1 в Z:\VIP810\TNS\transp\Get_Transp.vip)
         │ table Struct Var_Transp
         │ ^
01:10:48 │  Предупреждение: Не найден файл контроля лицензий "Z:\VIP810\vip_gal\autoexec.vpp" !
         │ Без него не будет проверяться дата окончания абонентского обслуживания! (стр.2, поз.1 в Z:\VIP810\TNS\transp\T01_Transp_PutLstChk.vip)
         │ table struct tmp_PutLstChk
         │ ^
01:10:49 │  Предупреждение: Таблица "TRANSP_2", включенная в главную логическую таблицу интерфейса "TRANSP_PUTLSTCHK", не была явно использована (стр.355, поз.5 в Z:\VIP810\TNS\transp\T01_Transp_PutLstChk.vip)
         │ end.
         │     ^
01:10:49 │  Предупреждение: Не найден файл контроля лицензий "Z:\VIP810\vip_gal\autoexec.vpp" !
         │ Без него не будет проверяться дата окончания абонентского обслуживания! (стр.14, поз.1 в C:\_GALAKTIKA\SRC\COMPSRC\C\C_EXTCLASS\VIP\EXTATTR\EXTATTR.VAR)
         │ var piExtAttr: i
         │ Содержимое стека подключаемых файлов:
         │   Z:\VIP810\TNS\transp\T03_Transp_GSM.vip(14)
01:10:49 │  Предупреждение: Неявное добавление таблицы MY_TOPLIVO_PL в логическую таблицу TRANSP_GSM_03 (стр.311, поз.9 в Z:\VIP810\TNS\TRANSP\TRANSP_PUTLST.VPP)
         │               if getfirst My_Toplivo_PL where (( My_WorkTable.Putlst_Nrec == My_Toplivo_PL.PU
         │ Содержимое стека подключаемых файлов:
         │   Z:\VIP810\TNS\transp\T03_Transp_GSM.vip(26)
01:10:49 │  Предупреждение: Приведение строки к числу (стр.328, поз.5 в Z:\VIP810\TNS\TRANSP\TRANSP_PUTLST.VPP)
         │     ww_norm_rasx1:=substr(ww_norm_rasx1,ww_pos+1,length(ww_norm_rasx1))
         │     ^
         │ Содержимое стека подключаемых файлов:
         │   Z:\VIP810\TNS\transp\T03_Transp_GSM.vip(26)
01:10:49 │  Предупреждение: Приведение строки к числу (стр.342, поз.7 в Z:\VIP810\TNS\TRANSP\TRANSP_PUTLST.VPP)
         │       ww_str1:=substr(ww_norm_rasx,instr('#',ww_norm_rasx)+1,instr('&',ww_norm_rasx)-instr('#',ww_norm_rasx)-1)
         │       ^
         │ Содержимое стека подключаемых файлов:
         │   Z:\VIP810\TNS\transp\T03_Transp_GSM.vip(26)
01:10:49 │  Предупреждение: Приведение строки к числу (стр.359, поз.7 в Z:\VIP810\TNS\TRANSP\TRANSP_PUTLST.VPP)
         │       ww_str1:=substr(ww_norm_rasx,instr('#',ww_norm_rasx)+1,instr('&',ww_norm_rasx)-instr('#',ww_norm_rasx)-1) 
         │       ^
         │ Содержимое стека подключаемых файлов:
         │   Z:\VIP810\TNS\transp\T03_Transp_GSM.vip(26)
01:10:50 │  Предупреждение: Приведение строки к числу (стр.376, поз.7 в Z:\VIP810\TNS\TRANSP\TRANSP_PUTLST.VPP)
         │       ww_str1:=substr(ww_norm_rasx,instr('#',ww_norm_rasx)+1,instr('&',ww_norm_rasx)-instr('#',ww_norm_rasx)-1) 
         │       ^
         │ Содержимое стека подключаемых файлов:
         │   Z:\VIP810\TNS\transp\T03_Transp_GSM.vip(26)
01:10:50 │  Предупреждение: Не найден файл контроля лицензий "Z:\VIP810\vip_gal\autoexec.vpp" !
         │ Без него не будет проверяться дата окончания абонентского обслуживания! (стр.6, поз.1 в Z:\VIP810\TNS\transp\T10_Transp_GSM.vip)
         │ create view 
         │ ^
01:10:51 │  Предупреждение: Таблица "TRANSP_2", включенная в главную логическую таблицу интерфейса "TRANSP_GSM_10", не была явно использована (стр.239, поз.5 в Z:\VIP810\TNS\transp\T10_Transp_GSM.vip)
         │ end.
         │     ^
01:10:51 │  Предупреждение: Не найден файл контроля лицензий "Z:\VIP810\vip_gal\autoexec.vpp" !
         │ Без него не будет проверяться дата окончания абонентского обслуживания! (стр.6, поз.1 в Z:\VIP810\TNS\transp\T11_Transp_Talon.vip)
         │ create view 
         │ ^
01:10:51 │  Предупреждение: Таблица "TRANSP_2", включенная в главную логическую таблицу интерфейса "TRANSP_TALON_11", не была явно использована (стр.290, поз.5 в Z:\VIP810\TNS\transp\T11_Transp_Talon.vip)
         │ end.
         │     ^
01:10:52 │  Предупреждение: Не найден файл контроля лицензий "Z:\VIP810\vip_gal\autoexec.vpp" !
         │ Без него не будет проверяться дата окончания абонентского обслуживания! (стр.6, поз.1 в Z:\VIP810\TNS\transp\T11_Transp_Talon_1.vip)
         │ create view 
         │ ^
01:10:52 │  Предупреждение: Таблица "TRANSP_2", включенная в главную логическую таблицу интерфейса "TRANSP_TALON_11_1", не была явно использована (стр.277, поз.5 в Z:\VIP810\TNS\transp\T11_Transp_Talon_1.vip)
         │ end.
         │     ^
01:10:52 │  Предупреждение: Не найден файл контроля лицензий "Z:\VIP810\vip_gal\autoexec.vpp" !
         │ Без него не будет проверяться дата окончания абонентского обслуживания! (стр.7, поз.1 в Z:\VIP810\TNS\transp\T12_Transp_GSM.vip)
         │ create view 
         │ ^
01:10:53 │  Предупреждение: Таблица "TRANSP_2", включенная в главную логическую таблицу интерфейса "TRANSP_GSM_12", не была явно использована (стр.503, поз.5 в Z:\VIP810\TNS\transp\T12_Transp_GSM.vip)
         │ end.
         │     ^
01:10:53 │  Предупреждение: Не найден файл контроля лицензий "Z:\VIP810\vip_gal\autoexec.vpp" !
         │ Без него не будет проверяться дата окончания абонентского обслуживания! (стр.4, поз.1 в Z:\VIP810\TNS\transp\T13_Transp_Talon.vip)
         │ table struct tmp_topl
         │ ^
01:10:53 │  Предупреждение: Не найден файл контроля лицензий "Z:\VIP810\vip_gal\autoexec.vpp" !
         │ Без него не будет проверяться дата окончания абонентского обслуживания! (стр.4, поз.1 в Z:\VIP810\TNS\transp\T14_Transp_GSMAZS.Vip)
         │ table struct tmp_topl
         │ ^
01:10:54 │  Предупреждение: Не найден файл контроля лицензий "Z:\VIP810\vip_gal\autoexec.vpp" !
         │ Без него не будет проверяться дата окончания абонентского обслуживания! (стр.9, поз.1 в Z:\VIP810\TNS\transp\Transp_Fleet.vip)
         │ table struct transp_fleet
         │ ^
01:10:54 │  Предупреждение: Имя логической таблицы совпадает с именем физической. Возможна некорректная работа! (стр.39, поз.18 в Z:\VIP810\TNS\transp\Transp_Fleet.vip)
         │ from transp_fleet,
         │                  ^
01:10:54 │  Предупреждение: Получились неуникальные имена полей TRANSP_NREC (стр.39, поз.1 в Z:\VIP810\TNS\transp\Transp_Fleet.vip)
         │ from transp_fleet,
         │ ^
01:10:54 │  Предупреждение: Значение Boolean преобразовано в числовое (стр.65, поз.20 в Z:\VIP810\TNS\transp\Transp_Fleet.vip)
         │ and transp.ctiptex == tiptex.nrec
         │                    ^
01:10:54 │  Предупреждение: Приведение строки к числу (стр.115, поз.42 в Z:\VIP810\TNS\transp\Transp_Fleet.vip)
         │   werr:=ExcelInit(nmtemplate,true,'Fleet');
         │                                          ^
01:10:54 │  Предупреждение: Ошибка при вычислении константы: значение не может быть преобразовано в число данного типа (стр.115, поз.43 в Z:\VIP810\TNS\transp\Transp_Fleet.vip)
         │   werr:=ExcelInit(nmtemplate,true,'Fleet');
         │                                           ^
01:10:54 │  Предупреждение: Не найден файл контроля лицензий "Z:\VIP810\vip_gal\autoexec.vpp" !
         │ Без него не будет проверяться дата окончания абонентского обслуживания! (стр.7, поз.1 в Z:\VIP810\TNS\transp\Transp_Mast.vip)
         │ table struct transp_mast
         │ ^
01:10:54 │  Предупреждение: Имя логической таблицы совпадает с именем физической. Возможна некорректная работа! (стр.90, поз.17 в Z:\VIP810\TNS\transp\Transp_Mast.vip)
         │ from transp_mast,
         │                 ^
01:10:54 │  Предупреждение: Получились неуникальные имена полей TRANSP_NREC (стр.90, поз.1 в Z:\VIP810\TNS\transp\Transp_Mast.vip)
         │ from transp_mast,
         │ ^
01:10:54 │  Предупреждение: Получились неуникальные имена полей KATPODR_NREC (стр.90, поз.1 в Z:\VIP810\TNS\transp\Transp_Mast.vip)
         │ from transp_mast,
         │ ^
01:10:54 │  Предупреждение: Получились неуникальные имена полей KATPODR_NAME (стр.90, поз.1 в Z:\VIP810\TNS\transp\Transp_Mast.vip)
         │ from transp_mast,
         │ ^
01:10:54 │  Предупреждение: Получились неуникальные имена полей TRANSP_CMARKA (стр.90, поз.1 в Z:\VIP810\TNS\transp\Transp_Mast.vip)
         │ from transp_mast,
         │ ^
01:10:54 │  Предупреждение: Получились неуникальные имена полей TIPTEX_NREC (стр.90, поз.1 в Z:\VIP810\TNS\transp\Transp_Mast.vip)
         │ from transp_mast,
         │ ^
01:10:54 │  Предупреждение: Получились неуникальные имена полей TIPTEX_NAME (стр.90, поз.1 в Z:\VIP810\TNS\transp\Transp_Mast.vip)
         │ from transp_mast,
         │ ^
01:10:54 │  Предупреждение: Получились неуникальные имена полей TIPTEX_CTIPTEX (стр.90, поз.1 в Z:\VIP810\TNS\transp\Transp_Mast.vip)
         │ from transp_mast,
         │ ^
01:10:54 │  Предупреждение: Значение Boolean преобразовано в числовое (стр.116, поз.20 в Z:\VIP810\TNS\transp\Transp_Mast.vip)
         │ and transp.ctiptex == tiptex.nrec
         │                    ^
01:10:54 │  Предупреждение: Приведение строки к числу (стр.153, поз.41 в Z:\VIP810\TNS\transp\Transp_Mast.vip)
         │   werr:=ExcelInit(nmtemplate,true,'МАСТ');
         │                                         ^
01:10:54 │  Предупреждение: Ошибка при вычислении константы: значение не может быть преобразовано в число данного типа (стр.153, поз.42 в Z:\VIP810\TNS\transp\Transp_Mast.vip)
         │   werr:=ExcelInit(nmtemplate,true,'МАСТ');
         │                                          ^
01:10:54 │  Предупреждение: Приведение строки к числу (стр.177, поз.64 в Z:\VIP810\TNS\transp\Transp_Mast.vip)
         │      MyPutExcelNumber(datetostr(transp_mast.transp_godv,'YYYY'),0,8,0,-1,-1);//год выпуска
         │                                                                
01:10:54 │  Предупреждение: Значение преобразовано к строке (стр.190, поз.40 в Z:\VIP810\TNS\transp\Transp_Mast.vip)
         │      MyPutExcel(transp_mast.empty_massa,8,0,-1,-1);//масса без нагрузки
         │                                        ^
01:10:54 │  Предупреждение: Значение преобразовано к строке (стр.191, поз.38 в Z:\VIP810\TNS\transp\Transp_Mast.vip)
         │      MyPutExcel(transp_mast.max_massa,8,0,-1,-1);//макс масса
         │                                      ^
01:10:54 │  Предупреждение: Значение преобразовано к строке (стр.192, поз.40 в Z:\VIP810\TNS\transp\Transp_Mast.vip)
         │      MyPutExcel(transp_mast.dvig_volume,8,0,-1,-1);//объем двигателя
         │                                        ^
01:10:54 │  Предупреждение: Значение преобразовано к строке (стр.193, поз.42 в Z:\VIP810\TNS\transp\Transp_Mast.vip)
         │      MyPutExcel(transp_mast.dvig_power_ls,8,0,-1,-1);//мощн двигателя лс
         │                                          ^
01:10:54 │  Предупреждение: Значение преобразовано к строке (стр.194, поз.43 в Z:\VIP810\TNS\transp\Transp_Mast.vip)
         │      MyPutExcel(transp_mast.dvig_power_kvt,8,0,-1,-1);//мощн двиг квт
         │                                           ^
01:10:54 │  Предупреждение: Неявное добавление таблицы MY_WORKGSM в логическую таблицу TRANSP_MAST (стр.227, поз.38 в Z:\VIP810\TNS\transp\Transp_Mast.vip)
         │      wkol:=wkol+My_WorkGsm.Zarpl_Vidt+My_WorkGsm.PutGsm_VidT;
         │                                      ^
01:10:56 │  Предупреждение: Сортировка реализуется на внешней выгрузке (стр.23, поз.37 в Z:\VIP810\TNS\TRANSP\PL_KRAN_MAIN.FRM)
         │ order by katzak.EXITDN,katzak.EXITCH;
         │                                     ^
01:10:56 │  Информация: С ограничением RELATION Порядок STANDARD Реализуется на внешней выгрузке (стр.139, поз.9 в Z:\VIP810\TNS\TRANSP\PL_KRAN_MAIN.FRM)
         │ .endform 
         │         ^
01:10:57 │  Предупреждение: Сортировка реализуется на внешней выгрузке (стр.29, поз.37 в Z:\VIP810\TNS\TRANSP\PUTWAY_AVTOBUSNEOBSH.RTF)
         │ order by katzak.EXITDN,katzak.EXITCH;
         │                                     ^
01:10:57 │  Информация: С ограничением RELATION Порядок STANDARD Реализуется на внешней выгрузке (стр.306, поз.9 в Z:\VIP810\TNS\TRANSP\PUTWAY_AVTOBUSNEOBSH.RTF)
         │ .endform 
         │         ^
01:10:57 │  Предупреждение: Сортировка реализуется на внешней выгрузке (стр.29, поз.37 в Z:\VIP810\TNS\TRANSP\PUTWAY_GRUZAVTO.RTF)
         │ order by katzak.EXITDN,katzak.EXITCH;
         │                                     ^
01:10:57 │  Информация: С ограничением RELATION Порядок STANDARD Реализуется на внешней выгрузке (стр.303, поз.9 в Z:\VIP810\TNS\TRANSP\PUTWAY_GRUZAVTO.RTF)
         │ .endform 
         │         ^
01:10:58 │  Предупреждение: Сортировка реализуется на внешней выгрузке (стр.31, поз.37 в Z:\VIP810\TNS\TRANSP\PUTWAY_SPECAVTO.RTF)
         │ order by katzak.EXITDN,katzak.EXITCH;
         │                                     ^
01:10:58 │  Информация: С ограничением RELATION Порядок STANDARD Реализуется на внешней выгрузке (стр.249, поз.9 в Z:\VIP810\TNS\TRANSP\PUTWAY_SPECAVTO.RTF)
         │ .endform 
         │         ^
01:10:58 │  Предупреждение: Файлы Z:\VIP810\TNS\transp\*.slk не найдены (стр.28, поз.21 в Z:\VIP810\TNS\transp.prj)
         │ #make "transp\*.slk"
         │                     ^
01:10:58 │  Предупреждение: Не найден файл контроля лицензий "Z:\VIP810\vip_gal\autoexec.vpp" !
         │ Без него не будет проверяться дата окончания абонентского обслуживания! (стр.164, поз.1 в Z:\VIP810\TNS\transp\ALTER\Gsm_CalcNorm.Vip)
         │ Form frmErrTrn('Ras_oc.OUT','ERRR'
01:11:00 │  Предупреждение: Приведение строки к числу (стр.105, поз.80 в Z:\VIP810\TNS\transp\ALTER\M_TRANSP_Put_lst.vip)
         │     { oExtAtr.doSetAttr(coPutLst,PutLst.Nrec,'Время_работы_реж1',ExprFieldValue)
         │                                                               
01:11:00 │  Предупреждение: Приведение строки к числу (стр.108, поз.80 в Z:\VIP810\TNS\transp\ALTER\M_TRANSP_Put_lst.vip)
         │     { oExtAtr.doSetAttr(coPutLst,PutLst.Nrec,'Время_работы_реж2',ExprFieldValue)
         │                                                               
01:11:00 │  Предупреждение: Приведение строки к числу (стр.111, поз.80 в Z:\VIP810\TNS\transp\ALTER\M_TRANSP_Put_lst.vip)
         │     { oExtAtr.doSetAttr(coPutLst,PutLst.Nrec,'Время_работы_реж3',ExprFieldValue)
         │                                                               
01:11:00 │  Предупреждение: Приведение строки к числу (стр.114, поз.80 в Z:\VIP810\TNS\transp\ALTER\M_TRANSP_Put_lst.vip)
         │     { oExtAtr.doSetAttr(coPutLst,PutLst.Nrec,'Время_работы_реж4',ExprFieldValue)
         │                                                               
01:11:00 │  Предупреждение: Приведение строки к числу (стр.117, поз.80 в Z:\VIP810\TNS\transp\ALTER\M_TRANSP_Put_lst.vip)
         │     { oExtAtr.doSetAttr(coPutLst,PutLst.Nrec,'Время_работы_реж5',ExprFieldValue)
         │                                                               
01:11:00 │  Предупреждение: Приведение строки к числу (стр.120, поз.80 в Z:\VIP810\TNS\transp\ALTER\M_TRANSP_Put_lst.vip)
         │     { oExtAtr.doSetAttr(coPutLst,PutLst.Nrec,'Время_работы_реж6',ExprFieldValue)
         │                                                               
01:11:00 │  Предупреждение: Приведение строки к числу (стр.123, поз.80 в Z:\VIP810\TNS\transp\ALTER\M_TRANSP_Put_lst.vip)
         │     { oExtAtr.doSetAttr(coPutLst,PutLst.Nrec,'Время_работы_реж7',ExprFieldValue)
         │                                                               
01:11:00 │  Предупреждение: Приведение строки к числу (стр.126, поз.80 в Z:\VIP810\TNS\transp\ALTER\M_TRANSP_Put_lst.vip)
         │     { oExtAtr.doSetAttr(coPutLst,PutLst.Nrec,'Время_работы_реж8',ExprFieldValue)
         │                                                               
01:11:04 │  Предупреждение: Описание типа M_TRANSP::String в файле  не совпадает с описанием в файле . (стр.171, поз.1 в Z:\VIP810\TNS\transp\ALTER\M_TRANSP_Put_lst.vip)
         │ <eof>
         │ ^
01:11:04 │  Предупреждение: Описание типа M_TRANSP::String в файле  не совпадает с описанием в файле . (стр.171, поз.1 в Z:\VIP810\TNS\transp\ALTER\M_TRANSP_Put_lst.vip)
         │ <eof>
         │ ^
01:11:04 │  Предупреждение: Описание типа M_TRANSP::String в файле  не совпадает с описанием в файле . (стр.171, поз.1 в Z:\VIP810\TNS\transp\ALTER\M_TRANSP_Put_lst.vip)
         │ <eof>
         │ ^
01:11:04 │  Предупреждение: Описание типа M_TRANSP::String в файле  не совпадает с описанием в файле . (стр.171, поз.1 в Z:\VIP810\TNS\transp\ALTER\M_TRANSP_Put_lst.vip)
         │ <eof>
         │ ^
01:11:04 │  Предупреждение: Описание типа M_TRANSP::String в файле  не совпадает с описанием в файле . (стр.171, поз.1 в Z:\VIP810\TNS\transp\ALTER\M_TRANSP_Put_lst.vip)
         │ <eof>
         │ ^
01:11:04 │  Предупреждение: Описание типа M_TRANSP::String в файле  не совпадает с описанием в файле . (стр.171, поз.1 в Z:\VIP810\TNS\transp\ALTER\M_TRANSP_Put_lst.vip)
         │ <eof>
         │ ^
01:11:04 │  Предупреждение: Описание типа M_TRANSP::String в файле  не совпадает с описанием в файле . (стр.171, поз.1 в Z:\VIP810\TNS\transp\ALTER\M_TRANSP_Put_lst.vip)
         │ <eof>
         │ ^
01:11:04 │  Предупреждение: Описание типа M_TRANSP::String в файле  не совпадает с описанием в файле . (стр.171, поз.1 в Z:\VIP810\TNS\transp\ALTER\M_TRANSP_Put_lst.vip)
         │ <eof>
         │ ^
01:11:04 │  Предупреждение: Описание типа M_TRANSP::String в файле  не совпадает с описанием в файле . (стр.171, поз.1 в Z:\VIP810\TNS\transp\ALTER\M_TRANSP_Put_lst.vip)
         │ <eof>
         │ ^
01:11:04 │  Предупреждение: Описание типа M_TRANSP::String в файле  не совпадает с описанием в файле . (стр.171, поз.1 в Z:\VIP810\TNS\transp\ALTER\M_TRANSP_Put_lst.vip)
         │ <eof>
         │ ^
01:11:04 │  Предупреждение: Описание типа M_TRANSP::String в файле  не совпадает с описанием в файле . (стр.171, поз.1 в Z:\VIP810\TNS\transp\ALTER\M_TRANSP_Put_lst.vip)
         │ <eof>
         │ ^
01:11:04 │  Предупреждение: Описание типа M_TRANSP::String в файле  не совпадает с описанием в файле . (стр.171, поз.1 в Z:\VIP810\TNS\transp\ALTER\M_TRANSP_Put_lst.vip)
         │ <eof>
         │ ^
01:11:04 │  Предупреждение: Описание типа M_TRANSP::String в файле  не совпадает с описанием в файле . (стр.171, поз.1 в Z:\VIP810\TNS\transp\ALTER\M_TRANSP_Put_lst.vip)
         │ <eof>
         │ ^
01:11:04 │  Предупреждение: Описание типа M_TRANSP::String в файле  не совпадает с описанием в файле . (стр.171, поз.1 в Z:\VIP810\TNS\transp\ALTER\M_TRANSP_Put_lst.vip)
         │ <eof>
         │ ^
01:11:04 │  Предупреждение: Файлы Z:\VIP810\TNS\transp\ALTER\*.cnf не найдены (стр.32, поз.27 в Z:\VIP810\TNS\transp.prj)
         │ #make "transp\ALTER\*.cnf"
         │                           ^
