
▓ Программа: "vip.exe"  Время запуска: 19:26:02 25/03/2014
▓ Исполняемый модуль: "\\Fs01-tns\apps\gal\exe\vip.exe"
▓ Система: Windows NT

Менеджер динамической памяти ".SysUserHeap(.SysUser)"
Потеряно блоков: 1794, байтов: 66320


▓ Программа: "vip.exe"  Время запуска: 19:28:03 25/03/2014
▓ Исполняемый модуль: "c:\gal810\exe\vip.exe"
▓ Система: Windows NT

Менеджер динамической памяти ".SysUserHeap(.SysUser)"
Потеряно блоков: 8, байтов: 180


▓ Программа: "vip.exe"  Время запуска: 19:28:32 25/03/2014
▓ Исполняемый модуль: "c:\gal810\exe\vip.exe"
▓ Система: Windows NT

Менеджер динамической памяти ".SysUserHeap(.SysUser)"
Потеряно блоков: 1182, байтов: 24880


▓ Программа: "vip.exe"  Время запуска: 10:15:35 26/03/2014
▓ Исполняемый модуль: "c:\gal810\exe\vip.exe"
▓ Система: Windows NT

Менеджер динамической памяти ".SysUserHeap(.SysUser)"
Потеряно блоков: 1182, байтов: 24876


▓ Программа: "vip.exe"  Время запуска: 10:40:40 26/03/2014
▓ Исполняемый модуль: "c:\gal810\exe\vip.exe"
▓ Система: Windows NT

Менеджер динамической памяти ".SysUserHeap(.SysUser)"
Потеряно блоков: 3, байтов: 36


▓ Программа: "vip.exe"  Время запуска: 10:50:31 26/03/2014
▓ Исполняемый модуль: "c:\gal810\exe\vip.exe"
▓ Система: Windows NT

Менеджер динамической памяти ".SysUserHeap(.SysUser)"
Потеряно блоков: 3, байтов: 36


▓ Программа: "vip.exe"  Время запуска: 10:51:04 26/03/2014
▓ Исполняемый модуль: "c:\gal810\exe\vip.exe"
▓ Система: Windows NT

Менеджер динамической памяти ".SysUserHeap(.SysUser)"
Потеряно блоков: 3, байтов: 36


▓ Программа: "vip.exe"  Время запуска: 11:05:08 26/03/2014
▓ Исполняемый модуль: "c:\gal810\exe\vip.exe"
▓ Система: Windows NT

Менеджер динамической памяти ".SysUserHeap(.SysUser)"
Потеряно блоков: 3, байтов: 36


▓ Программа: "vip.exe"  Время запуска: 11:05:57 26/03/2014
▓ Исполняемый модуль: "c:\gal810\exe\vip.exe"
▓ Система: Windows NT

Менеджер динамической памяти ".SysUserHeap(.SysUser)"
Потеряно блоков: 285, байтов: 30356


▓ Программа: "vip.exe"  Время запуска: 11:08:58 26/03/2014
▓ Исполняемый модуль: "c:\gal810\exe\vip.exe"
▓ Система: Windows NT

Менеджер динамической памяти ".SysUserHeap(.SysUser)"
Потеряно блоков: 1177, байтов: 24752


▓ Программа: "vip.exe"  Время запуска: 11:17:42 26/03/2014
▓ Исполняемый модуль: "c:\gal810\exe\vip.exe"
▓ Система: Windows NT

Менеджер динамической памяти ".SysUserHeap(.SysUser)"
Потеряно блоков: 4, байтов: 452


▓ Программа: "vip.exe"  Время запуска: 11:18:14 26/03/2014
▓ Исполняемый модуль: "c:\gal810\exe\vip.exe"
▓ Система: Windows NT

Менеджер динамической памяти ".SysUserHeap(.SysUser)"
Потеряно блоков: 3, байтов: 440


▓ Программа: "vip.exe"  Время запуска: 11:18:51 26/03/2014
▓ Исполняемый модуль: "c:\gal810\exe\vip.exe"
▓ Система: Windows NT

Менеджер динамической памяти ".SysUserHeap(.SysUser)"
Потеряно блоков: 1177, байтов: 24756


▓ Программа: "vip.exe"  Время запуска: 11:38:32 26/03/2014
▓ Исполняемый модуль: "c:\gal810\exe\vip.exe"
▓ Система: Windows NT

Менеджер динамической памяти ".SysUserHeap(.SysUser)"
Потеряно блоков: 4, байтов: 452


▓ Программа: "vip.exe"  Время запуска: 11:39:04 26/03/2014
▓ Исполняемый модуль: "c:\gal810\exe\vip.exe"
▓ Система: Windows NT

Менеджер динамической памяти ".SysUserHeap(.SysUser)"
Потеряно блоков: 1186, байтов: 25288


▓ Программа: "vip.exe"  Время запуска: 11:49:03 26/03/2014
▓ Исполняемый модуль: "c:\gal810\exe\vip.exe"
▓ Система: Windows NT

Менеджер динамической памяти ".SysUserHeap(.SysUser)"
Потеряно блоков: 1177, байтов: 24780


▓ Программа: "vip.exe"  Время запуска: 11:50:57 26/03/2014
▓ Исполняемый модуль: "c:\gal810\exe\vip.exe"
▓ Система: Windows NT

Менеджер динамической памяти ".SysUserHeap(.SysUser)"
Потеряно блоков: 848448, байтов: 22759172


▓ Программа: "vip.exe"  Время запуска: 11:52:54 26/03/2014
▓ Исполняемый модуль: "c:\gal810\exe\vip.exe"
▓ Система: Windows NT

Менеджер динамической памяти ".SysUserHeap(.SysUser)"
Потеряно блоков: 1177, байтов: 24760


▓ Программа: "vip.exe"  Время запуска: 12:07:36 26/03/2014
▓ Исполняемый модуль: "c:\gal810\exe\vip.exe"
▓ Система: Windows NT  Логин: "MihaylovYV"  Станция: "GAL02-TNS"

Менеджер динамической памяти ".SysUserHeap(.SysUser)"
Потеряно блоков: 1177, байтов: 24740


▓ Программа: "vip.exe"  Время запуска: 12:09:26 26/03/2014
▓ Исполняемый модуль: "c:\gal810\exe\vip.exe"
▓ Система: Windows NT  Логин: "MihaylovYV"  Станция: "GAL02-TNS"

Класс окна "Atlantis Font Window" не был разрегистрирован: 1411
(Класс не существует)
 044AFDBC: 0390521F vision_w.dll.1:0000421F
 044AFDC0: 039A09CC vision_w.dll.2:000009CC
 044AFDD0: 03904A73 vision_w.dll.1:00003A73
 044AFDD4: 007812FE atlantis.rtl.1:000302FE
 044AFDEC: 039010BE vision_w.dll.1:000000BE
 044AFDF4: 03901020 vision_w.dll.1:00000020
 044AFE2C: 03901000 vision_w.dll.1:00000000
 044AFEB8: 03901000 vision_w.dll.1:00000000

Менеджер динамической памяти ".SysUserHeap(.SysUser)"
Потеряно блоков: 6938, байтов: 187928


▓ Программа: "vip.exe"  Время запуска: 12:09:47 26/03/2014
▓ Исполняемый модуль: "c:\gal810\exe\vip.exe"
▓ Система: Windows NT  Логин: "MihaylovYV"  Станция: "GAL02-TNS"

Класс окна "Atlantis Font Window" не был разрегистрирован: 1411
(Класс не существует)
 036FFDBC: 0390521F vision_w.dll.1:0000421F
 036FFDC0: 039A09CC vision_w.dll.2:000009CC
 036FFDD0: 03904A73 vision_w.dll.1:00003A73
 036FFDD4: 007812FE atlantis.rtl.1:000302FE
 036FFDEC: 039010BE vision_w.dll.1:000000BE
 036FFDF4: 03901020 vision_w.dll.1:00000020
 036FFE2C: 03901000 vision_w.dll.1:00000000
 036FFEB8: 03901000 vision_w.dll.1:00000000

Менеджер динамической памяти ".SysUserHeap(.SysUser)"
Потеряно блоков: 6934, байтов: 934408


▓ Программа: "vip.exe"  Время запуска: 12:10:24 26/03/2014
▓ Исполняемый модуль: "c:\gal810\exe\vip.exe"
▓ Система: Windows NT  Логин: "MihaylovYV"  Станция: "GAL02-TNS"

Класс окна "Atlantis Font Window" не был разрегистрирован: 1411
(Класс не существует)
 044AFDBC: 0390521F vision_w.dll.1:0000421F
 044AFDC0: 039A09CC vision_w.dll.2:000009CC
 044AFDD0: 03904A73 vision_w.dll.1:00003A73
 044AFDD4: 007812FE atlantis.rtl.1:000302FE
 044AFDEC: 039010BE vision_w.dll.1:000000BE
 044AFDF4: 03901020 vision_w.dll.1:00000020
 044AFE2C: 03901000 vision_w.dll.1:00000000
 044AFEB8: 03901000 vision_w.dll.1:00000000

Менеджер динамической памяти ".SysUserHeap(.SysUser)"
Потеряно блоков: 6938, байтов: 187928


▓ Программа: "vip.exe"  Время запуска: 12:11:08 26/03/2014
▓ Исполняемый модуль: "c:\gal810\exe\vip.exe"
▓ Система: Windows NT  Логин: "MihaylovYV"  Станция: "GAL02-TNS"

Менеджер динамической памяти ".SysUserHeap(.SysUser)"
Потеряно блоков: 1177, байтов: 24732


▓ Программа: "vip.exe"  Время запуска: 12:31:20 26/03/2014
▓ Исполняемый модуль: "c:\gal810\exe\vip.exe"
▓ Система: Windows NT

Менеджер динамической памяти ".SysUserHeap(.SysUser)"
Потеряно блоков: 1177, байтов: 24776


▓ Программа: "vip.exe"  Время запуска: 18:50:12 26/03/2014
▓ Исполняемый модуль: "c:\gal810\exe\vip.exe"
▓ Система: Windows NT

Менеджер динамической памяти ".SysUserHeap(.SysUser)"
Потеряно блоков: 3, байтов: 36


▓ Программа: "vip.exe"  Время запуска: 18:51:03 26/03/2014
▓ Исполняемый модуль: "c:\gal810\exe\vip.exe"
▓ Система: Windows NT

Менеджер динамической памяти ".SysUserHeap(.SysUser)"
Потеряно блоков: 52, байтов: 2744


▓ Программа: "vip.exe"  Время запуска: 18:53:23 26/03/2014
▓ Исполняемый модуль: "c:\gal810\exe\vip.exe"
▓ Система: Windows NT

Менеджер динамической памяти ".SysUserHeap(.SysUser)"
Потеряно блоков: 3, байтов: 440


▓ Программа: "vip.exe"  Время запуска: 18:54:05 26/03/2014
▓ Исполняемый модуль: "c:\gal810\exe\vip.exe"
▓ Система: Windows NT  Логин: "MihaylovYV"  Станция: "GAL02-TNS"

Класс окна "Atlantis Font Window" не был разрегистрирован: 1411
(Класс не существует)
 08AAFDBC: 0390521F vision_w.dll.1:0000421F
 08AAFDC0: 039A09CC vision_w.dll.2:000009CC
 08AAFDD0: 03904A73 vision_w.dll.1:00003A73
 08AAFDD4: 007812FE atlantis.rtl.1:000302FE
 08AAFDEC: 039010BE vision_w.dll.1:000000BE
 08AAFDF4: 03901020 vision_w.dll.1:00000020
 08AAFE2C: 03901000 vision_w.dll.1:00000000
 08AAFEB8: 03901000 vision_w.dll.1:00000000

Менеджер динамической памяти ".SysUserHeap(.SysUser)"
Потеряно блоков: 241053, байтов: 6428640


▓ Программа: "vip.exe"  Время запуска: 18:54:36 26/03/2014
▓ Исполняемый модуль: "c:\gal810\exe\vip.exe"
▓ Система: Windows NT

Менеджер динамической памяти ".SysUserHeap(.SysUser)"
Потеряно блоков: 52, байтов: 2736


▓ Программа: "vip.exe"  Время запуска: 18:55:40 26/03/2014
▓ Исполняемый модуль: "c:\gal810\exe\vip.exe"
▓ Система: Windows NT

Менеджер динамической памяти ".SysUserHeap(.SysUser)"
Потеряно блоков: 52, байтов: 2744


▓ Программа: "vip.exe"  Время запуска: 18:56:51 26/03/2014
▓ Исполняемый модуль: "c:\gal810\exe\vip.exe"
▓ Система: Windows NT

Менеджер динамической памяти ".SysUserHeap(.SysUser)"
Потеряно блоков: 52, байтов: 2756


▓ Программа: "vip.exe"  Время запуска: 18:57:27 26/03/2014
▓ Исполняемый модуль: "c:\gal810\exe\vip.exe"
▓ Система: Windows NT

Менеджер динамической памяти ".SysUserHeap(.SysUser)"
Потеряно блоков: 52, байтов: 2748


▓ Программа: "vip.exe"  Время запуска: 18:58:23 26/03/2014
▓ Исполняемый модуль: "c:\gal810\exe\vip.exe"
▓ Система: Windows NT

Менеджер динамической памяти ".SysUserHeap(.SysUser)"
Потеряно блоков: 17, байтов: 520


▓ Программа: "vip.exe"  Время запуска: 19:00:24 26/03/2014
▓ Исполняемый модуль: "c:\gal810\exe\vip.exe"
▓ Система: Windows NT

Менеджер динамической памяти ".SysUserHeap(.SysUser)"
Потеряно блоков: 52, байтов: 2744


▓ Программа: "vip.exe"  Время запуска: 19:01:40 26/03/2014
▓ Исполняемый модуль: "c:\gal810\exe\vip.exe"
▓ Система: Windows NT

Менеджер динамической памяти ".SysUserHeap(.SysUser)"
Потеряно блоков: 52, байтов: 2748


▓ Программа: "vip.exe"  Время запуска: 19:02:25 26/03/2014
▓ Исполняемый модуль: "c:\gal810\exe\vip.exe"
▓ Система: Windows NT

Менеджер динамической памяти ".SysUserHeap(.SysUser)"
Потеряно блоков: 52, байтов: 2752


▓ Программа: "vip.exe"  Время запуска: 19:03:20 26/03/2014
▓ Исполняемый модуль: "c:\gal810\exe\vip.exe"
▓ Система: Windows NT

Менеджер динамической памяти ".SysUserHeap(.SysUser)"
Потеряно блоков: 52, байтов: 2752


▓ Программа: "vip.exe"  Время запуска: 19:04:23 26/03/2014
▓ Исполняемый модуль: "c:\gal810\exe\vip.exe"
▓ Система: Windows NT

Менеджер динамической памяти ".SysUserHeap(.SysUser)"
Потеряно блоков: 3, байтов: 440


▓ Программа: "vip.exe"  Время запуска: 19:05:58 26/03/2014
▓ Исполняемый модуль: "c:\gal810\exe\vip.exe"
▓ Система: Windows NT

Менеджер динамической памяти ".SysUserHeap(.SysUser)"
Потеряно блоков: 52, байтов: 2748


▓ Программа: "vip.exe"  Время запуска: 19:08:01 26/03/2014
▓ Исполняемый модуль: "c:\gal810\exe\vip.exe"
▓ Система: Windows NT

Менеджер динамической памяти ".SysUserHeap(.SysUser)"
Потеряно блоков: 52, байтов: 2772


▓ Программа: "vip.exe"  Время запуска: 19:09:09 26/03/2014
▓ Исполняемый модуль: "c:\gal810\exe\vip.exe"
▓ Система: Windows NT

Менеджер динамической памяти ".SysUserHeap(.SysUser)"
Потеряно блоков: 17, байтов: 532


▓ Программа: "vip.exe"  Время запуска: 19:13:13 26/03/2014
▓ Исполняемый модуль: "c:\gal810\exe\vip.exe"
▓ Система: Windows NT

Менеджер динамической памяти ".SysUserHeap(.SysUser)"
Потеряно блоков: 52, байтов: 2780


▓ Программа: "vip.exe"  Время запуска: 19:15:45 26/03/2014
▓ Исполняемый модуль: "c:\gal810\exe\vip.exe"
▓ Система: Windows NT

Менеджер динамической памяти ".SysUserHeap(.SysUser)"
Потеряно блоков: 52, байтов: 2792


▓ Программа: "vip.exe"  Время запуска: 19:18:47 26/03/2014
▓ Исполняемый модуль: "c:\gal810\exe\vip.exe"
▓ Система: Windows NT

Менеджер динамической памяти ".SysUserHeap(.SysUser)"
Потеряно блоков: 3, байтов: 440


▓ Программа: "vip.exe"  Время запуска: 19:19:17 26/03/2014
▓ Исполняемый модуль: "c:\gal810\exe\vip.exe"
▓ Система: Windows NT  Логин: "MihaylovYV"  Станция: "GAL02-TNS"

Класс окна "Atlantis Font Window" не был разрегистрирован: 1411
(Класс не существует)
 08CAFDBC: 0390521F vision_w.dll.1:0000421F
 08CAFDC0: 039A09CC vision_w.dll.2:000009CC
 08CAFDD0: 03904A73 vision_w.dll.1:00003A73
 08CAFDD4: 007812FE atlantis.rtl.1:000302FE
 08CAFDEC: 039010BE vision_w.dll.1:000000BE
 08CAFDF4: 03901020 vision_w.dll.1:00000020
 08CAFE2C: 03901000 vision_w.dll.1:00000000
 08CAFEB8: 03901000 vision_w.dll.1:00000000

Менеджер динамической памяти ".SysUserHeap(.SysUser)"
Потеряно блоков: 234842, байтов: 6274964


▓ Программа: "vip.exe"  Время запуска: 19:19:47 26/03/2014
▓ Исполняемый модуль: "c:\gal810\exe\vip.exe"
▓ Система: Windows NT

Менеджер динамической памяти ".SysUserHeap(.SysUser)"
Потеряно блоков: 52, байтов: 2792


▓ Программа: "vip.exe"  Время запуска: 19:20:50 26/03/2014
▓ Исполняемый модуль: "c:\gal810\exe\vip.exe"
▓ Система: Windows NT

Менеджер динамической памяти ".SysUserHeap(.SysUser)"
Потеряно блоков: 52, байтов: 2824


▓ Программа: "vip.exe"  Время запуска: 19:21:57 26/03/2014
▓ Исполняемый модуль: "c:\gal810\exe\vip.exe"
▓ Система: Windows NT

Менеджер динамической памяти ".SysUserHeap(.SysUser)"
Потеряно блоков: 17, байтов: 520


▓ Программа: "vip.exe"  Время запуска: 19:23:07 26/03/2014
▓ Исполняемый модуль: "c:\gal810\exe\vip.exe"
▓ Система: Windows NT

Менеджер динамической памяти ".SysUserHeap(.SysUser)"
Потеряно блоков: 17, байтов: 524


▓ Программа: "vip.exe"  Время запуска: 19:24:23 26/03/2014
▓ Исполняемый модуль: "c:\gal810\exe\vip.exe"
▓ Система: Windows NT

Менеджер динамической памяти ".SysUserHeap(.SysUser)"
Потеряно блоков: 17, байтов: 516


▓ Программа: "vip.exe"  Время запуска: 19:25:33 26/03/2014
▓ Исполняемый модуль: "c:\gal810\exe\vip.exe"
▓ Система: Windows NT

Менеджер динамической памяти ".SysUserHeap(.SysUser)"
Потеряно блоков: 17, байтов: 516


▓ Программа: "vip.exe"  Время запуска: 19:26:42 26/03/2014
▓ Исполняемый модуль: "c:\gal810\exe\vip.exe"
▓ Система: Windows NT

Менеджер динамической памяти ".SysUserHeap(.SysUser)"
Потеряно блоков: 17, байтов: 516


▓ Программа: "vip.exe"  Время запуска: 19:27:21 26/03/2014
▓ Исполняемый модуль: "c:\gal810\exe\vip.exe"
▓ Система: Windows NT

Менеджер динамической памяти ".SysUserHeap(.SysUser)"
Потеряно блоков: 52, байтов: 2744


▓ Программа: "vip.exe"  Время запуска: 19:28:23 26/03/2014
▓ Исполняемый модуль: "c:\gal810\exe\vip.exe"
▓ Система: Windows NT

Менеджер динамической памяти ".SysUserHeap(.SysUser)"
Потеряно блоков: 17, байтов: 520


▓ Программа: "vip.exe"  Время запуска: 19:31:55 26/03/2014
▓ Исполняемый модуль: "c:\gal810\exe\vip.exe"
▓ Система: Windows NT

Менеджер динамической памяти ".SysUserHeap(.SysUser)"
Потеряно блоков: 18, байтов: 548


▓ Программа: "vip.exe"  Время запуска: 19:33:33 26/03/2014
▓ Исполняемый модуль: "c:\gal810\exe\vip.exe"
▓ Система: Windows NT

Менеджер динамической памяти ".SysUserHeap(.SysUser)"
Потеряно блоков: 17, байтов: 524


▓ Программа: "vip.exe"  Время запуска: 19:34:21 26/03/2014
▓ Исполняемый модуль: "c:\gal810\exe\vip.exe"
▓ Система: Windows NT

Менеджер динамической памяти ".SysUserHeap(.SysUser)"
Потеряно блоков: 17, байтов: 520


▓ Программа: "vip.exe"  Время запуска: 19:35:32 26/03/2014
▓ Исполняемый модуль: "c:\gal810\exe\vip.exe"
▓ Система: Windows NT  Логин: "MihaylovYV"  Станция: "GAL02-TNS"

Класс окна "Atlantis Font Window" не был разрегистрирован: 1411
(Класс не существует)
 042AFDBC: 0390521F vision_w.dll.1:0000421F
 042AFDC0: 039A09CC vision_w.dll.2:000009CC
 042AFDD0: 03904A73 vision_w.dll.1:00003A73
 042AFDD4: 007812FE atlantis.rtl.1:000302FE
 042AFDEC: 039010BE vision_w.dll.1:000000BE
 042AFDF4: 03901020 vision_w.dll.1:00000020
 042AFE2C: 03901000 vision_w.dll.1:00000000
 042AFEB8: 03901000 vision_w.dll.1:00000000

Менеджер динамической памяти ".SysUserHeap(.SysUser)"
Потеряно блоков: 6937, байтов: 187908


▓ Программа: "vip.exe"  Время запуска: 19:35:50 26/03/2014
▓ Исполняемый модуль: "c:\gal810\exe\vip.exe"
▓ Система: Windows NT

Менеджер динамической памяти ".SysUserHeap(.SysUser)"
Потеряно блоков: 17, байтов: 528


▓ Программа: "vip.exe"  Время запуска: 19:36:51 26/03/2014
▓ Исполняемый модуль: "c:\gal810\exe\vip.exe"
▓ Система: Windows NT

Менеджер динамической памяти ".SysUserHeap(.SysUser)"
Потеряно блоков: 17, байтов: 528


▓ Программа: "vip.exe"  Время запуска: 19:37:24 26/03/2014
▓ Исполняемый модуль: "c:\gal810\exe\vip.exe"
▓ Система: Windows NT

Менеджер динамической памяти ".SysUserHeap(.SysUser)"
Потеряно блоков: 17, байтов: 516


▓ Программа: "vip.exe"  Время запуска: 19:38:46 26/03/2014
▓ Исполняемый модуль: "c:\gal810\exe\vip.exe"
▓ Система: Windows NT

Менеджер динамической памяти ".SysUserHeap(.SysUser)"
Потеряно блоков: 17, байтов: 528


▓ Программа: "vip.exe"  Время запуска: 19:39:19 26/03/2014
▓ Исполняемый модуль: "c:\gal810\exe\vip.exe"
▓ Система: Windows NT

Менеджер динамической памяти ".SysUserHeap(.SysUser)"
Потеряно блоков: 17, байтов: 528


▓ Программа: "vip.exe"  Время запуска: 19:40:08 26/03/2014
▓ Исполняемый модуль: "c:\gal810\exe\vip.exe"
▓ Система: Windows NT

Менеджер динамической памяти ".SysUserHeap(.SysUser)"
Потеряно блоков: 17, байтов: 520


▓ Программа: "vip.exe"  Время запуска: 19:40:43 26/03/2014
▓ Исполняемый модуль: "c:\gal810\exe\vip.exe"
▓ Система: Windows NT

Менеджер динамической памяти ".SysUserHeap(.SysUser)"
Потеряно блоков: 14, байтов: 448


▓ Программа: "vip.exe"  Время запуска: 17:55:25 28/03/2014
▓ Исполняемый модуль: "c:\gal810\exe\vip.exe"
▓ Система: Windows NT

Менеджер динамической памяти ".SysUserHeap(.SysUser)"
Потеряно блоков: 14, байтов: 452


▓ Программа: "vip.exe"  Время запуска: 18:11:56 03/04/2014
▓ Исполняемый модуль: "c:\gal810\exe\vip.exe"
▓ Система: Windows NT  Логин: "MihaylovYV"  Станция: "GAL02-TNS"

Менеджер динамической памяти ".SysUserHeap(.SysUser)"
Потеряно блоков: 14, байтов: 452


▓ Программа: "vip.exe"  Время запуска: 19:21:06 14/04/2014
▓ Исполняемый модуль: "c:\gal810\exe\vip.exe"
▓ Система: Windows NT  Логин: "Mihaylovyv"  Станция: "GAL02-TNS"

Менеджер динамической памяти ".SysUserHeap(.SysUser)"
Потеряно блоков: 14, байтов: 452


▓ Программа: "vip.exe"  Время запуска: 11:04:00 29/04/2014
▓ Исполняемый модуль: "c:\gal810\exe\vip.exe"
▓ Система: Windows NT  Логин: "MihaylovYV"  Станция: "GAL02-TNS"

Менеджер динамической памяти ".SysUserHeap(.SysUser)"
Потеряно блоков: 1254, байтов: 27980


▓ Программа: "vip.exe"  Время запуска: 11:17:40 29/04/2014
▓ Исполняемый модуль: "c:\gal810\exe\vip.exe"
▓ Система: Windows NT  Логин: "MihaylovYV"  Станция: "GAL02-TNS"

Менеджер динамической памяти ".SysUserHeap(.SysUser)"
Потеряно блоков: 1178, байтов: 24740


▓ Программа: "vip.exe"  Время запуска: 11:30:14 29/04/2014
▓ Исполняемый модуль: "c:\gal810\exe\vip.exe"
▓ Система: Windows NT

Менеджер динамической памяти ".SysUserHeap(.SysUser)"
Потеряно блоков: 1177, байтов: 24740


▓ Программа: "vip.exe"  Время запуска: 12:16:44 30/04/2014
▓ Исполняемый модуль: "c:\gal810\exe\vip.exe"
▓ Система: Windows NT

Менеджер динамической памяти ".SysUserHeap(.SysUser)"
Потеряно блоков: 1177, байтов: 24732


▓ Программа: "vip.exe"  Время запуска: 13:01:07 30/04/2014
▓ Исполняемый модуль: "c:\gal810\exe\vip.exe"
▓ Система: Windows NT

Менеджер динамической памяти ".SysUserHeap(.SysUser)"
Потеряно блоков: 1177, байтов: 24748


▓ Программа: "vip.exe"  Время запуска: 15:02:28 30/04/2014
▓ Исполняемый модуль: "c:\gal810\exe\vip.exe"
▓ Система: Windows NT

Менеджер динамической памяти ".SysUserHeap(.SysUser)"
Потеряно блоков: 1177, байтов: 24764


▓ Программа: "vip.exe"  Время запуска: 12:13:14 01/05/2014
▓ Исполняемый модуль: "c:\gal810\exe\vip.exe"
▓ Система: Windows NT

Менеджер динамической памяти ".SysUserHeap(.SysUser)"
Потеряно блоков: 1177, байтов: 24732


▓ Программа: "vip.exe"  Время запуска: 12:02:22 02/05/2014
▓ Исполняемый модуль: "c:\gal810\exe\vip.exe"
▓ Система: Windows NT  Логин: "MihaylovYV"  Станция: "GAL02-TNS"

Класс окна "Atlantis Font Window" не был разрегистрирован: 1411
(Класс не существует)
 0B66FDBC: 0390521F vision_w.dll.1:0000421F
 0B66FDC0: 039A09CC vision_w.dll.2:000009CC
 0B66FDD0: 03904A73 vision_w.dll.1:00003A73
 0B66FDD4: 007812FE atlantis.rtl.1:000302FE
 0B66FDEC: 039010BE vision_w.dll.1:000000BE
 0B66FDF4: 03901020 vision_w.dll.1:00000020
 0B66FE2C: 03901000 vision_w.dll.1:00000000
 0B66FEB8: 03901000 vision_w.dll.1:00000000

Менеджер динамической памяти ".SysUserHeap(.SysUser)"
Потеряно блоков: 986027, байтов: 27328236


▓ Программа: "vip.exe"  Время запуска: 12:03:18 02/05/2014
▓ Исполняемый модуль: "c:\gal810\exe\vip.exe"
▓ Система: Windows NT  Логин: "MihaylovYV"  Станция: "GAL02-TNS"

Менеджер динамической памяти ".SysUserHeap(.SysUser)"
Потеряно блоков: 1253, байтов: 31416


▓ Программа: "vip.exe"  Время запуска: 12:08:32 02/05/2014
▓ Исполняемый модуль: "c:\gal810\exe\vip.exe"
▓ Система: Windows NT  Логин: "MihaylovYV"  Станция: "GAL02-TNS"

Менеджер динамической памяти ".SysUserHeap(.SysUser)"
Потеряно блоков: 8, байтов: 120


▓ Программа: "vip.exe"  Время запуска: 13:42:14 02/05/2014
▓ Исполняемый модуль: "c:\gal810\exe\vip.exe"
▓ Система: Windows NT

Менеджер динамической памяти ".SysUserHeap(.SysUser)"
Потеряно блоков: 13, байтов: 252


▓ Программа: "vip.exe"  Время запуска: 15:47:01 06/05/2014
▓ Исполняемый модуль: "c:\gal810\exe\vip.exe"
▓ Система: Windows NT

Менеджер динамической памяти ".SysUserHeap(.SysUser)"
Потеряно блоков: 1209, байтов: 26952


▓ Программа: "vip.exe"  Время запуска: 15:48:58 06/05/2014
▓ Исполняемый модуль: "c:\gal810\exe\vip.exe"
▓ Система: Windows NT

Менеджер динамической памяти ".SysUserHeap(.SysUser)"
Потеряно блоков: 1210, байтов: 26904


▓ Программа: "vip.exe"  Время запуска: 15:50:58 06/05/2014
▓ Исполняемый модуль: "c:\gal810\exe\vip.exe"
▓ Система: Windows NT

Менеджер динамической памяти ".SysUserHeap(.SysUser)"
Потеряно блоков: 1177, байтов: 24732


▓ Программа: "vip.exe"  Время запуска: 15:53:14 06/05/2014
▓ Исполняемый модуль: "c:\gal810\exe\vip.exe"
▓ Система: Windows NT

Менеджер динамической памяти ".SysUserHeap(.SysUser)"
Потеряно блоков: 1177, байтов: 24752


▓ Программа: "vip.exe"  Время запуска: 16:00:12 06/05/2014
▓ Исполняемый модуль: "c:\gal810\exe\vip.exe"
▓ Система: Windows NT

Менеджер динамической памяти ".SysUserHeap(.SysUser)"
Потеряно блоков: 1177, байтов: 24720


▓ Программа: "vip.exe"  Время запуска: 16:19:02 06/05/2014
▓ Исполняемый модуль: "c:\gal810\exe\vip.exe"
▓ Система: Windows NT

Менеджер динамической памяти ".SysUserHeap(.SysUser)"
Потеряно блоков: 3, байтов: 36


▓ Программа: "vip.exe"  Время запуска: 16:21:15 06/05/2014
▓ Исполняемый модуль: "c:\gal810\exe\vip.exe"
▓ Система: Windows NT

Менеджер динамической памяти ".SysUserHeap(.SysUser)"
Потеряно блоков: 4, байтов: 452


▓ Программа: "vip.exe"  Время запуска: 16:21:49 06/05/2014
▓ Исполняемый модуль: "c:\gal810\exe\vip.exe"
▓ Система: Windows NT

Менеджер динамической памяти ".SysUserHeap(.SysUser)"
Потеряно блоков: 4, байтов: 452


▓ Программа: "vip.exe"  Время запуска: 16:22:23 06/05/2014
▓ Исполняемый модуль: "c:\gal810\exe\vip.exe"
▓ Система: Windows NT

Менеджер динамической памяти ".SysUserHeap(.SysUser)"
Потеряно блоков: 3, байтов: 36


▓ Программа: "vip.exe"  Время запуска: 16:29:51 06/05/2014
▓ Исполняемый модуль: "c:\gal810\exe\vip.exe"
▓ Система: Windows NT

Менеджер динамической памяти ".SysUserHeap(.SysUser)"
Потеряно блоков: 4, байтов: 452


▓ Программа: "vip.exe"  Время запуска: 16:31:12 06/05/2014
▓ Исполняемый модуль: "c:\gal810\exe\vip.exe"
▓ Система: Windows NT

Менеджер динамической памяти ".SysUserHeap(.SysUser)"
Потеряно блоков: 1186, байтов: 25268


▓ Программа: "vip.exe"  Время запуска: 16:33:51 06/05/2014
▓ Исполняемый модуль: "c:\gal810\exe\vip.exe"
▓ Система: Windows NT

Менеджер динамической памяти ".SysUserHeap(.SysUser)"
Потеряно блоков: 1177, байтов: 24748


▓ Программа: "vip.exe"  Время запуска: 20:48:02 06/05/2014
▓ Исполняемый модуль: "c:\gal810\exe\vip.exe"
▓ Система: Windows NT  Логин: "MihaylovYV"  Станция: "GAL02-TNS"

Класс окна "Atlantis Font Window" не был разрегистрирован: 1411
(Класс не существует)
 044AFDBC: 0390521F vision_w.dll.1:0000421F
 044AFDC0: 039A09CC vision_w.dll.2:000009CC
 044AFDD0: 03904A73 vision_w.dll.1:00003A73
 044AFDD4: 007812FE atlantis.rtl.1:000302FE
 044AFDEC: 039010BE vision_w.dll.1:000000BE
 044AFDF4: 03901020 vision_w.dll.1:00000020
 044AFE2C: 03901000 vision_w.dll.1:00000000
 044AFEB8: 03901000 vision_w.dll.1:00000000

Менеджер динамической памяти ".SysUserHeap(.SysUser)"
Потеряно блоков: 6938, байтов: 187920


▓ Программа: "vip.exe"  Время запуска: 21:03:59 06/05/2014
▓ Исполняемый модуль: "c:\gal810\exe\vip.exe"
▓ Система: Windows NT

Менеджер динамической памяти ".SysUserHeap(.SysUser)"
Потеряно блоков: 3, байтов: 440


▓ Программа: "vip.exe"  Время запуска: 21:05:18 06/05/2014
▓ Исполняемый модуль: "c:\gal810\exe\vip.exe"
▓ Система: Windows NT

Менеджер динамической памяти ".SysUserHeap(.SysUser)"
Потеряно блоков: 3, байтов: 36


▓ Программа: "vip.exe"  Время запуска: 21:36:15 06/05/2014
▓ Исполняемый модуль: "c:\gal810\exe\vip.exe"
▓ Система: Windows NT

Менеджер динамической памяти ".SysUserHeap(.SysUser)"
Потеряно блоков: 3, байтов: 36


▓ Программа: "vip.exe"  Время запуска: 21:37:33 06/05/2014
▓ Исполняемый модуль: "c:\gal810\exe\vip.exe"
▓ Система: Windows NT

Менеджер динамической памяти ".SysUserHeap(.SysUser)"
Потеряно блоков: 4, байтов: 452


▓ Программа: "vip.exe"  Время запуска: 21:38:08 06/05/2014
▓ Исполняемый модуль: "c:\gal810\exe\vip.exe"
▓ Система: Windows NT

Менеджер динамической памяти ".SysUserHeap(.SysUser)"
Потеряно блоков: 3, байтов: 440


▓ Программа: "vip.exe"  Время запуска: 21:38:38 06/05/2014
▓ Исполняемый модуль: "c:\gal810\exe\vip.exe"
▓ Система: Windows NT

Менеджер динамической памяти ".SysUserHeap(.SysUser)"
Потеряно блоков: 3, байтов: 36


▓ Программа: "vip.exe"  Время запуска: 21:41:59 06/05/2014
▓ Исполняемый модуль: "c:\gal810\exe\vip.exe"
▓ Система: Windows NT

Менеджер динамической памяти ".SysUserHeap(.SysUser)"
Потеряно блоков: 3, байтов: 36


▓ Программа: "vip.exe"  Время запуска: 21:48:13 06/05/2014
▓ Исполняемый модуль: "c:\gal810\exe\vip.exe"
▓ Система: Windows NT

Менеджер динамической памяти ".SysUserHeap(.SysUser)"
Потеряно блоков: 3, байтов: 36


▓ Программа: "vip.exe"  Время запуска: 21:53:05 06/05/2014
▓ Исполняемый модуль: "c:\gal810\exe\vip.exe"
▓ Система: Windows NT

Менеджер динамической памяти ".SysUserHeap(.SysUser)"
Потеряно блоков: 3, байтов: 36


▓ Программа: "vip.exe"  Время запуска: 22:16:29 06/05/2014
▓ Исполняемый модуль: "c:\gal810\exe\vip.exe"
▓ Система: Windows NT

Менеджер динамической памяти ".SysUserHeap(.SysUser)"
Потеряно блоков: 3, байтов: 36


▓ Программа: "vip.exe"  Время запуска: 00:22:22 07/05/2014
▓ Исполняемый модуль: "c:\gal810\exe\vip.exe"
▓ Система: Windows NT

Менеджер динамической памяти ".SysUserHeap(.SysUser)"
Потеряно блоков: 4, байтов: 452


▓ Программа: "vip.exe"  Время запуска: 00:22:54 07/05/2014
▓ Исполняемый модуль: "c:\gal810\exe\vip.exe"
▓ Система: Windows NT

Менеджер динамической памяти ".SysUserHeap(.SysUser)"
Потеряно блоков: 3, байтов: 36


▓ Программа: "vip.exe"  Время запуска: 00:26:16 07/05/2014
▓ Исполняемый модуль: "c:\gal810\exe\vip.exe"
▓ Система: Windows NT

Менеджер динамической памяти ".SysUserHeap(.SysUser)"
Потеряно блоков: 4, байтов: 452


▓ Программа: "vip.exe"  Время запуска: 00:28:44 07/05/2014
▓ Исполняемый модуль: "c:\gal810\exe\vip.exe"
▓ Система: Windows NT

Менеджер динамической памяти ".SysUserHeap(.SysUser)"
Потеряно блоков: 3, байтов: 36


▓ Программа: "vip.exe"  Время запуска: 00:52:17 07/05/2014
▓ Исполняемый модуль: "c:\gal810\exe\vip.exe"
▓ Система: Windows NT

Менеджер динамической памяти ".SysUserHeap(.SysUser)"
Потеряно блоков: 4, байтов: 452


▓ Программа: "vip.exe"  Время запуска: 00:52:51 07/05/2014
▓ Исполняемый модуль: "c:\gal810\exe\vip.exe"
▓ Система: Windows NT

Менеджер динамической памяти ".SysUserHeap(.SysUser)"
Потеряно блоков: 3, байтов: 36


▓ Программа: "vip.exe"  Время запуска: 00:54:22 07/05/2014
▓ Исполняемый модуль: "c:\gal810\exe\vip.exe"
▓ Система: Windows NT

Менеджер динамической памяти ".SysUserHeap(.SysUser)"
Потеряно блоков: 3, байтов: 36


▓ Программа: "vip.exe"  Время запуска: 00:55:02 07/05/2014
▓ Исполняемый модуль: "c:\gal810\exe\vip.exe"
▓ Система: Windows NT

Менеджер динамической памяти ".SysUserHeap(.SysUser)"
Потеряно блоков: 643, байтов: 20792


▓ Программа: "vip.exe"  Время запуска: 00:58:54 07/05/2014
▓ Исполняемый модуль: "c:\gal810\exe\vip.exe"
▓ Система: Windows NT

Менеджер динамической памяти ".SysUserHeap(.SysUser)"
Потеряно блоков: 4, байтов: 452


▓ Программа: "vip.exe"  Время запуска: 00:59:27 07/05/2014
▓ Исполняемый модуль: "c:\gal810\exe\vip.exe"
▓ Система: Windows NT

Менеджер динамической памяти ".SysUserHeap(.SysUser)"
Потеряно блоков: 3, байтов: 440


▓ Программа: "vip.exe"  Время запуска: 01:00:02 07/05/2014
▓ Исполняемый модуль: "c:\gal810\exe\vip.exe"
▓ Система: Windows NT

Менеджер динамической памяти ".SysUserHeap(.SysUser)"
Потеряно блоков: 4, байтов: 452


▓ Программа: "vip.exe"  Время запуска: 01:00:33 07/05/2014
▓ Исполняемый модуль: "c:\gal810\exe\vip.exe"
▓ Система: Windows NT

Менеджер динамической памяти ".SysUserHeap(.SysUser)"
Потеряно блоков: 1187, байтов: 25612


▓ Программа: "vip.exe"  Время запуска: 01:06:20 07/05/2014
▓ Исполняемый модуль: "c:\gal810\exe\vip.exe"
▓ Система: Windows NT

Менеджер динамической памяти ".SysUserHeap(.SysUser)"
Потеряно блоков: 3, байтов: 440


▓ Программа: "vip.exe"  Время запуска: 01:06:51 07/05/2014
▓ Исполняемый модуль: "c:\gal810\exe\vip.exe"
▓ Система: Windows NT

Менеджер динамической памяти ".SysUserHeap(.SysUser)"
Потеряно блоков: 3, байтов: 440


▓ Программа: "vip.exe"  Время запуска: 01:07:38 07/05/2014
▓ Исполняемый модуль: "c:\gal810\exe\vip.exe"
▓ Система: Windows NT

Менеджер динамической памяти ".SysUserHeap(.SysUser)"
Потеряно блоков: 3, байтов: 440


▓ Программа: "vip.exe"  Время запуска: 01:08:10 07/05/2014
▓ Исполняемый модуль: "c:\gal810\exe\vip.exe"
▓ Система: Windows NT

Менеджер динамической памяти ".SysUserHeap(.SysUser)"
Потеряно блоков: 1178, байтов: 25108


▓ Программа: "vip.exe"  Время запуска: 01:09:35 07/05/2014
▓ Исполняемый модуль: "c:\gal810\exe\vip.exe"
▓ Система: Windows NT

Менеджер динамической памяти ".SysUserHeap(.SysUser)"
Потеряно блоков: 3, байтов: 440


▓ Программа: "vip.exe"  Время запуска: 01:10:23 07/05/2014
▓ Исполняемый модуль: "c:\gal810\exe\vip.exe"
▓ Система: Windows NT

Менеджер динамической памяти ".SysUserHeap(.SysUser)"
Потеряно блоков: 1177, байтов: 24800


▓ Программа: "vip.exe"  Время запуска: 20:14:57 07/05/2014
▓ Исполняемый модуль: "c:\gal810\exe\vip.exe"
▓ Система: Windows NT

Менеджер динамической памяти ".SysUserHeap(.SysUser)"
Потеряно блоков: 4, байтов: 452


▓ Программа: "vip.exe"  Время запуска: 20:15:32 07/05/2014
▓ Исполняемый модуль: "c:\gal810\exe\vip.exe"
▓ Система: Windows NT

Менеджер динамической памяти ".SysUserHeap(.SysUser)"
Потеряно блоков: 3, байтов: 36


▓ Программа: "vip.exe"  Время запуска: 20:17:53 07/05/2014
▓ Исполняемый модуль: "c:\gal810\exe\vip.exe"
▓ Система: Windows NT

Менеджер динамической памяти ".SysUserHeap(.SysUser)"
Потеряно блоков: 8, байтов: 128


▓ Программа: "vip.exe"  Время запуска: 20:19:39 07/05/2014
▓ Исполняемый модуль: "c:\gal810\exe\vip.exe"
▓ Система: Windows NT

Менеджер динамической памяти ".SysUserHeap(.SysUser)"
Потеряно блоков: 3, байтов: 440


▓ Программа: "vip.exe"  Время запуска: 20:20:12 07/05/2014
▓ Исполняемый модуль: "c:\gal810\exe\vip.exe"
▓ Система: Windows NT

Менеджер динамической памяти ".SysUserHeap(.SysUser)"
Потеряно блоков: 8, байтов: 128


▓ Программа: "vip.exe"  Время запуска: 20:22:57 07/05/2014
▓ Исполняемый модуль: "c:\gal810\exe\vip.exe"
▓ Система: Windows NT

Менеджер динамической памяти ".SysUserHeap(.SysUser)"
Потеряно блоков: 4, байтов: 452


▓ Программа: "vip.exe"  Время запуска: 20:23:29 07/05/2014
▓ Исполняемый модуль: "c:\gal810\exe\vip.exe"
▓ Система: Windows NT

Менеджер динамической памяти ".SysUserHeap(.SysUser)"
Потеряно блоков: 3, байтов: 440


▓ Программа: "vip.exe"  Время запуска: 20:24:03 07/05/2014
▓ Исполняемый модуль: "c:\gal810\exe\vip.exe"
▓ Система: Windows NT

Менеджер динамической памяти ".SysUserHeap(.SysUser)"
Потеряно блоков: 1187, байтов: 25372


▓ Программа: "vip.exe"  Время запуска: 20:34:05 07/05/2014
▓ Исполняемый модуль: "c:\gal810\exe\vip.exe"
▓ Система: Windows NT

Менеджер динамической памяти ".SysUserHeap(.SysUser)"
Потеряно блоков: 1187, байтов: 25044


▓ Программа: "vip.exe"  Время запуска: 20:40:02 07/05/2014
▓ Исполняемый модуль: "c:\gal810\exe\vip.exe"
▓ Система: Windows NT

Менеджер динамической памяти ".SysUserHeap(.SysUser)"
Потеряно блоков: 1186, байтов: 25056


▓ Программа: "vip.exe"  Время запуска: 11:37:24 08/05/2014
▓ Исполняемый модуль: "c:\gal810\exe\vip.exe"
▓ Система: Windows NT  Логин: "Mihaylovyv"  Станция: "GAL02-TNS"

Менеджер динамической памяти ".SysUserHeap(.SysUser)"
Потеряно блоков: 1186, байтов: 25016


▓ Программа: "vip.exe"  Время запуска: 17:19:36 08/05/2014
▓ Исполняемый модуль: "c:\gal810\exe\vip.exe"
▓ Система: Windows NT

Менеджер динамической памяти ".SysUserHeap(.SysUser)"
Потеряно блоков: 4, байтов: 452


▓ Программа: "vip.exe"  Время запуска: 17:22:59 08/05/2014
▓ Исполняемый модуль: "c:\gal810\exe\vip.exe"
▓ Система: Windows NT

Менеджер динамической памяти ".SysUserHeap(.SysUser)"
Потеряно блоков: 4, байтов: 452


▓ Программа: "vip.exe"  Время запуска: 17:23:54 08/05/2014
▓ Исполняемый модуль: "c:\gal810\exe\vip.exe"
▓ Система: Windows NT

Менеджер динамической памяти ".SysUserHeap(.SysUser)"
Потеряно блоков: 1186, байтов: 25012


▓ Программа: "vip.exe"  Время запуска: 17:30:31 08/05/2014
▓ Исполняемый модуль: "c:\gal810\exe\vip.exe"
▓ Система: Windows NT

Менеджер динамической памяти ".SysUserHeap(.SysUser)"
Потеряно блоков: 1187, байтов: 25376


▓ Программа: "vip.exe"  Время запуска: 17:35:19 08/05/2014
▓ Исполняемый модуль: "c:\gal810\exe\vip.exe"
▓ Система: Windows NT

Менеджер динамической памяти ".SysUserHeap(.SysUser)"
Потеряно блоков: 1186, байтов: 25020


▓ Программа: "vip.exe"  Время запуска: 17:45:17 08/05/2014
▓ Исполняемый модуль: "c:\gal810\exe\vip.exe"
▓ Система: Windows NT

Менеджер динамической памяти ".SysUserHeap(.SysUser)"
Потеряно блоков: 3, байтов: 440


▓ Программа: "vip.exe"  Время запуска: 17:48:36 08/05/2014
▓ Исполняемый модуль: "c:\gal810\exe\vip.exe"
▓ Система: Windows NT

Менеджер динамической памяти ".SysUserHeap(.SysUser)"
Потеряно блоков: 1186, байтов: 25056


▓ Программа: "vip.exe"  Время запуска: 18:15:51 08/05/2014
▓ Исполняемый модуль: "c:\gal810\exe\vip.exe"
▓ Система: Windows NT

Менеджер динамической памяти ".SysUserHeap(.SysUser)"
Потеряно блоков: 1186, байтов: 25048


▓ Программа: "vip.exe"  Время запуска: 18:36:54 08/05/2014
▓ Исполняемый модуль: "c:\gal810\exe\vip.exe"
▓ Система: Windows NT

Менеджер динамической памяти ".SysUserHeap(.SysUser)"
Потеряно блоков: 1270, байтов: 29800


▓ Программа: "vip.exe"  Время запуска: 18:43:50 08/05/2014
▓ Исполняемый модуль: "c:\gal810\exe\vip.exe"
▓ Система: Windows NT

Менеджер динамической памяти ".SysUserHeap(.SysUser)"
Потеряно блоков: 1186, байтов: 25028


▓ Программа: "vip.exe"  Время запуска: 18:49:49 08/05/2014
▓ Исполняемый модуль: "c:\gal810\exe\vip.exe"
▓ Система: Windows NT

Менеджер динамической памяти ".SysUserHeap(.SysUser)"
Потеряно блоков: 1186, байтов: 25032


▓ Программа: "vip.exe"  Время запуска: 18:53:12 08/05/2014
▓ Исполняемый модуль: "c:\gal810\exe\vip.exe"
▓ Система: Windows NT

Менеджер динамической памяти ".SysUserHeap(.SysUser)"
Потеряно блоков: 1187, байтов: 25096


▓ Программа: "vip.exe"  Время запуска: 19:03:26 08/05/2014
▓ Исполняемый модуль: "c:\gal810\exe\vip.exe"
▓ Система: Windows NT

Менеджер динамической памяти ".SysUserHeap(.SysUser)"
Потеряно блоков: 4, байтов: 452


▓ Программа: "vip.exe"  Время запуска: 19:03:59 08/05/2014
▓ Исполняемый модуль: "c:\gal810\exe\vip.exe"
▓ Система: Windows NT

Менеджер динамической памяти ".SysUserHeap(.SysUser)"
Потеряно блоков: 1186, байтов: 25064


▓ Программа: "vip.exe"  Время запуска: 13:23:11 20/05/2014
▓ Исполняемый модуль: "c:\gal810\exe\vip.exe"
▓ Система: Windows NT

Менеджер динамической памяти ".SysUserHeap(.SysUser)"
Потеряно блоков: 3, байтов: 36


▓ Программа: "vip.exe"  Время запуска: 13:25:59 20/05/2014
▓ Исполняемый модуль: "c:\gal810\exe\vip.exe"
▓ Система: Windows NT

Менеджер динамической памяти ".SysUserHeap(.SysUser)"
Потеряно блоков: 3, байтов: 36


▓ Программа: "vip.exe"  Время запуска: 13:27:15 20/05/2014
▓ Исполняемый модуль: "c:\gal810\exe\vip.exe"
▓ Система: Windows NT

Менеджер динамической памяти ".SysUserHeap(.SysUser)"
Потеряно блоков: 3, байтов: 36


▓ Программа: "vip.exe"  Время запуска: 13:31:00 20/05/2014
▓ Исполняемый модуль: "c:\gal810\exe\vip.exe"
▓ Система: Windows NT

Менеджер динамической памяти ".SysUserHeap(.SysUser)"
Потеряно блоков: 3, байтов: 36


▓ Программа: "vip.exe"  Время запуска: 13:31:51 20/05/2014
▓ Исполняемый модуль: "c:\gal810\exe\vip.exe"
▓ Система: Windows NT

Менеджер динамической памяти ".SysUserHeap(.SysUser)"
Потеряно блоков: 10, байтов: 244


▓ Программа: "vip.exe"  Время запуска: 13:35:36 20/05/2014
▓ Исполняемый модуль: "c:\gal810\exe\vip.exe"
▓ Система: Windows NT  Логин: "MihaylovYV"  Станция: "GAL02-TNS"

Класс окна "Atlantis Font Window" не был разрегистрирован: 1411
(Класс не существует)
 044AFDBC: 0390521F vision_w.dll.1:0000421F
 044AFDC0: 039A09CC vision_w.dll.2:000009CC
 044AFDD0: 03904A73 vision_w.dll.1:00003A73
 044AFDD4: 007812FE atlantis.rtl.1:000302FE
 044AFDEC: 039010BE vision_w.dll.1:000000BE
 044AFDF4: 03901020 vision_w.dll.1:00000020
 044AFE2C: 03901000 vision_w.dll.1:00000000
 044AFEB8: 03901000 vision_w.dll.1:00000000

Менеджер динамической памяти ".SysUserHeap(.SysUser)"
Потеряно блоков: 6938, байтов: 187904


▓ Программа: "vip.exe"  Время запуска: 13:36:46 20/05/2014
▓ Исполняемый модуль: "c:\gal810\exe\vip.exe"
▓ Система: Windows NT

Менеджер динамической памяти ".SysUserHeap(.SysUser)"
Потеряно блоков: 3, байтов: 36


▓ Программа: "vip.exe"  Время запуска: 13:38:39 20/05/2014
▓ Исполняемый модуль: "c:\gal810\exe\vip.exe"
▓ Система: Windows NT

Менеджер динамической памяти ".SysUserHeap(.SysUser)"
Потеряно блоков: 10, байтов: 244


▓ Программа: "vip.exe"  Время запуска: 13:47:38 20/05/2014
▓ Исполняемый модуль: "c:\gal810\exe\vip.exe"
▓ Система: Windows NT

Менеджер динамической памяти ".SysUserHeap(.SysUser)"
Потеряно блоков: 7, байтов: 160


▓ Программа: "vip.exe"  Время запуска: 14:48:24 20/05/2014
▓ Исполняемый модуль: "c:\gal810\exe\vip.exe"
▓ Система: Windows NT

Менеджер динамической памяти ".SysUserHeap(.SysUser)"
Потеряно блоков: 7, байтов: 180


▓ Программа: "vip.exe"  Время запуска: 14:57:34 20/05/2014
▓ Исполняемый модуль: "c:\gal810\exe\vip.exe"
▓ Система: Windows NT

Менеджер динамической памяти ".SysUserHeap(.SysUser)"
Потеряно блоков: 46, байтов: 2512


▓ Программа: "vip.exe"  Время запуска: 15:02:02 20/05/2014
▓ Исполняемый модуль: "c:\gal810\exe\vip.exe"
▓ Система: Windows NT

Менеджер динамической памяти ".SysUserHeap(.SysUser)"
Потеряно блоков: 7, байтов: 184


▓ Программа: "vip.exe"  Время запуска: 16:51:12 20/05/2014
▓ Исполняемый модуль: "c:\gal810\exe\vip.exe"
▓ Система: Windows NT

Менеджер динамической памяти ".SysUserHeap(.SysUser)"
Потеряно блоков: 7, байтов: 164


▓ Программа: "vip.exe"  Время запуска: 17:17:47 20/05/2014
▓ Исполняемый модуль: "c:\gal810\exe\vip.exe"
▓ Система: Windows NT

Менеджер динамической памяти ".SysUserHeap(.SysUser)"
Потеряно блоков: 46, байтов: 2528


▓ Программа: "vip.exe"  Время запуска: 17:20:47 20/05/2014
▓ Исполняемый модуль: "c:\gal810\exe\vip.exe"
▓ Система: Windows NT

Менеджер динамической памяти ".SysUserHeap(.SysUser)"
Потеряно блоков: 7, байтов: 160


▓ Программа: "vip.exe"  Время запуска: 18:01:54 20/05/2014
▓ Исполняемый модуль: "c:\gal810\exe\vip.exe"
▓ Система: Windows NT

Менеджер динамической памяти ".SysUserHeap(.SysUser)"
Потеряно блоков: 7, байтов: 172


▓ Программа: "vip.exe"  Время запуска: 18:36:48 20/05/2014
▓ Исполняемый модуль: "c:\gal810\exe\vip.exe"
▓ Система: Windows NT

Менеджер динамической памяти ".SysUserHeap(.SysUser)"
Потеряно блоков: 7, байтов: 164


▓ Программа: "vip.exe"  Время запуска: 21:31:24 20/05/2014
▓ Исполняемый модуль: "c:\gal810\exe\vip.exe"
▓ Система: Windows NT

Менеджер динамической памяти ".SysUserHeap(.SysUser)"
Потеряно блоков: 7, байтов: 172


▓ Программа: "vip.exe"  Время запуска: 21:38:59 20/05/2014
▓ Исполняемый модуль: "c:\gal810\exe\vip.exe"
▓ Система: Windows NT

Менеджер динамической памяти ".SysUserHeap(.SysUser)"
Потеряно блоков: 7, байтов: 160


▓ Программа: "vip.exe"  Время запуска: 21:47:13 20/05/2014
▓ Исполняемый модуль: "c:\gal810\exe\vip.exe"
▓ Система: Windows NT

Менеджер динамической памяти ".SysUserHeap(.SysUser)"
Потеряно блоков: 7, байтов: 164


▓ Программа: "vip.exe"  Время запуска: 21:50:51 20/05/2014
▓ Исполняемый модуль: "c:\gal810\exe\vip.exe"
▓ Система: Windows NT

Менеджер динамической памяти ".SysUserHeap(.SysUser)"
Потеряно блоков: 7, байтов: 160


▓ Программа: "vip.exe"  Время запуска: 10:46:20 21/05/2014
▓ Исполняемый модуль: "c:\gal810\exe\vip.exe"
▓ Система: Windows NT

Менеджер динамической памяти ".SysUserHeap(.SysUser)"
Потеряно блоков: 1186, байтов: 25020


▓ Программа: "vip.exe"  Время запуска: 14:39:49 21/05/2014
▓ Исполняемый модуль: "c:\gal810\exe\vip.exe"
▓ Система: Windows NT

Менеджер динамической памяти ".SysUserHeap(.SysUser)"
Потеряно блоков: 1186, байтов: 25044


▓ Программа: "vip.exe"  Время запуска: 14:47:33 21/05/2014
▓ Исполняемый модуль: "c:\gal810\exe\vip.exe"
▓ Система: Windows NT

Менеджер динамической памяти ".SysUserHeap(.SysUser)"
Потеряно блоков: 1186, байтов: 25012


▓ Программа: "vip.exe"  Время запуска: 15:46:29 21/05/2014
▓ Исполняемый модуль: "c:\gal810\exe\vip.exe"
▓ Система: Windows NT

Менеджер динамической памяти ".SysUserHeap(.SysUser)"
Потеряно блоков: 1186, байтов: 25016


▓ Программа: "vip.exe"  Время запуска: 15:49:05 21/05/2014
▓ Исполняемый модуль: "c:\gal810\exe\vip.exe"
▓ Система: Windows NT

Менеджер динамической памяти ".SysUserHeap(.SysUser)"
Потеряно блоков: 1186, байтов: 25044


▓ Программа: "vip.exe"  Время запуска: 16:02:06 21/05/2014
▓ Исполняемый модуль: "c:\gal810\exe\vip.exe"
▓ Система: Windows NT

Менеджер динамической памяти ".SysUserHeap(.SysUser)"
Потеряно блоков: 1186, байтов: 25020


▓ Программа: "vip.exe"  Время запуска: 17:50:31 21/05/2014
▓ Исполняемый модуль: "c:\gal810\exe\vip.exe"
▓ Система: Windows NT

Менеджер динамической памяти ".SysUserHeap(.SysUser)"
Потеряно блоков: 1186, байтов: 25024


▓ Программа: "vip.exe"  Время запуска: 18:12:19 21/05/2014
▓ Исполняемый модуль: "c:\gal810\exe\vip.exe"
▓ Система: Windows NT

Менеджер динамической памяти ".SysUserHeap(.SysUser)"
Потеряно блоков: 3, байтов: 36


▓ Программа: "vip.exe"  Время запуска: 18:14:35 21/05/2014
▓ Исполняемый модуль: "c:\gal810\exe\vip.exe"
▓ Система: Windows NT

Менеджер динамической памяти ".SysUserHeap(.SysUser)"
Потеряно блоков: 3, байтов: 36


▓ Программа: "vip.exe"  Время запуска: 18:31:12 21/05/2014
▓ Исполняемый модуль: "c:\gal810\exe\vip.exe"
▓ Система: Windows NT

Менеджер динамической памяти ".SysUserHeap(.SysUser)"
Потеряно блоков: 3, байтов: 36


▓ Программа: "vip.exe"  Время запуска: 18:45:34 21/05/2014
▓ Исполняемый модуль: "c:\gal810\exe\vip.exe"
▓ Система: Windows NT

Менеджер динамической памяти ".SysUserHeap(.SysUser)"
Потеряно блоков: 5, байтов: 76


▓ Программа: "vip.exe"  Время запуска: 18:48:26 21/05/2014
▓ Исполняемый модуль: "c:\gal810\exe\vip.exe"
▓ Система: Windows NT

Менеджер динамической памяти ".SysUserHeap(.SysUser)"
Потеряно блоков: 3, байтов: 36


▓ Программа: "vip.exe"  Время запуска: 18:54:34 21/05/2014
▓ Исполняемый модуль: "c:\gal810\exe\vip.exe"
▓ Система: Windows NT

Менеджер динамической памяти ".SysUserHeap(.SysUser)"
Потеряно блоков: 1186, байтов: 25016


▓ Программа: "vip.exe"  Время запуска: 19:40:29 21/05/2014
▓ Исполняемый модуль: "c:\gal810\exe\vip.exe"
▓ Система: Windows NT

Менеджер динамической памяти ".SysUserHeap(.SysUser)"
Потеряно блоков: 1186, байтов: 25032


▓ Программа: "vip.exe"  Время запуска: 19:47:42 21/05/2014
▓ Исполняемый модуль: "c:\gal810\exe\vip.exe"
▓ Система: Windows NT

Менеджер динамической памяти ".SysUserHeap(.SysUser)"
Потеряно блоков: 1186, байтов: 25044


▓ Программа: "vip.exe"  Время запуска: 19:51:31 21/05/2014
▓ Исполняемый модуль: "c:\gal810\exe\vip.exe"
▓ Система: Windows NT

Менеджер динамической памяти ".SysUserHeap(.SysUser)"
Потеряно блоков: 1186, байтов: 25024

