▓▓▓▓▓▓▓▓▓▓▓▓▓▓▓▓▓▓▓▓▓▓▓▓▓▓▓▓▓▓▓▓▓▓▓▓▓▓▓▓▓▓▓▓▓▓▓▓▓▓▓▓▓▓▓▓▓▓▓▓▓▓▓▓▓▓▓▓▓▓▓▓▓▓▓▓▓▓▓
▓▓▓▓▓ Запишите следующую информацию об ошибке и отошлите ее разработчикам ▓▓▓▓▓
▓ вместе с описанием ситуации, названием, версией и датой EXE-файла программы ▓
▓▓▓▓▓▓▓▓▓▓▓▓▓▓▓▓▓▓▓▓▓▓▓▓▓▓▓▓▓▓▓▓▓▓▓▓▓▓▓▓▓▓▓▓▓▓▓▓▓▓▓▓▓▓▓▓▓▓▓▓▓▓▓▓▓▓▓▓▓▓▓▓▓▓▓▓▓▓▓


▓ Программа: "VipER.exe"  Время запуска: 11:49:10 29/10/2010
▓ Исполняемый модуль: "E:\Atl540_33\exe\VipER.exe"
▓ Система: Windows NT

Необработанная исключительная ситуация
Код исключения: C0000005 (Общее нарушение защиты доступа к памяти)
Параметры исключения (2): 00000000 5C3A4536
Адрес исключения: 009285FE streams_.dll.1:000275FE
Содержимое регистров процессора
 EAX = 06501DCC
 EBX = 06501DCC
 ECX = 5C3A4501
 EDX = 5C3A4536
 ESI = 00928320 streams_.dll.1:00027320
 EDI = 0011FFFF
 EBP = 0012E020
 ESP = 0012DABC
 EIP = 009285FE streams_.dll.1:000275FE
 CS = 001B База: 00000000 Размер: FFFFFFFF Флаги: CFB
 DS = 0023 База: 00000000 Размер: FFFFFFFF Флаги: CF3
 SS = 0023 База: 00000000 Размер: FFFFFFFF Флаги: CF3
 ES = 0023 База: 00000000 Размер: FFFFFFFF Флаги: CF3
 FS = 003B База: 7FFDE000 Размер: 00000FFF Флаги: 4F3
 GS = 0000 База: 00000000 Размер: 00000000 Флаги: 000
Содержимое стека
 0012DAC0: 009285C0 streams_.dll.1:000275C0
 0012DAC8: 00AC0E9B ecc_.dll.1:0000FE9B
 0012DAD0: 00E2FB6E forms_.dll.1:0003EB6E
 0012DAE0: 00928B79 streams_.dll.1:00027B79
 0012DB04: 00434E49 VipER.exe.1:00033E49
 0012DB18: 00362537 atlantis.rtl.1:00021537
 0012DB24: 00927E80 streams_.dll.1:00026E80
 0012DB34: 00361FCE atlantis.rtl.1:00020FCE
 0012DB38: 0092F2D6 streams_.dll.1:0002E2D6
 0012DB44: 00362537 atlantis.rtl.1:00021537
 0012DB50: 00927E80 streams_.dll.1:00026E80
 0012DB60: 00361FCE atlantis.rtl.1:00020FCE
 0012DB64: 0092F2D6 streams_.dll.1:0002E2D6
 0012DB70: 0091C601 streams_.dll.1:0001B601
 0012DB88: 0091C047 streams_.dll.1:0001B047
 0012DBA4: 0091C10B streams_.dll.1:0001B10B
Параметры программы
 "E:\Atl540_33\exe\VipER.exe -CompileTypeIDE 3672050"
Переменные окружения
 =E:=E:\Atl540_33\EXE
 ALLUSERSPROFILE=C:\Documents and Settings\All Users
 APPDATA=C:\Documents and Settings\shaidarov\Application Data
 CLASSPATH=.;C:\Program Files\QuickTime\QTSystem\QTJava.zip
 CommonProgramFiles=C:\Program Files\Common Files
 COMPUTERNAME=PNR-NOTE586
 ComSpec=C:\WINDOWS\system32\cmd.exe
 FP_NO_HOST_CHECK=NO
 HOMEDRIVE=C:
 HOMEPATH=\Documents and Settings\shaidarov
 lib=C:\Program Files\SQLXML 4.0\bin\
 LOGONSERVER=\\TOP-DC2
 NUMBER_OF_PROCESSORS=2
 OS=Windows_NT
 Path=c:\oracle\product\10.2.0\client_2;C:\Program Files\Pervasive Software\PSQL\bin\;C:\Program Files\Far;C:\WINDOWS\system32;C:\WINDOWS;C:\WINDOWS\System32\Wbem;C:\Program Files\QuickTime\QTSystem\;C:\Program Files\Intuwave\Shared\mRouterRuntime;C:\Program Files\Microsoft SQL Server\80\Tools\Binn\;C:\Program Files\Microsoft SQL Server\90\DTS\Binn\;C:\Program Files\Microsoft SQL Server\90\Tools\binn\;C:\Program Files\Microsoft SQL Server\90\Tools\Binn\VSShell\Common7\IDE\;C:\Program Files\Microsoft Visual Studio 8\Common7\IDE\PrivateAssemblies\;C:\WINDOWS\system32\WindowsPowerShell\v1.0;C:\Program Files\Intel\WiFi\bin\;C:\WINDOWS\system32\WindowsPowerShell\v1.0;C:\Program Files\Common Files\Nero\Lib\;C:\Program Files\Common Files\Nero\Lib\
 PATHEXT=.COM;.EXE;.BAT;.CMD;.VBS;.VBE;.JS;.JSE;.WSF;.WSH;.PSC1;.PSC1
 PROCESSOR_ARCHITECTURE=x86
 PROCESSOR_IDENTIFIER=x86 Family 6 Model 15 Stepping 6, GenuineIntel
 PROCESSOR_LEVEL=6
 PROCESSOR_REVISION=0f06
 ProgramFiles=C:\Program Files
 PROMPT=$P$G
 PSModulePath=C:\WINDOWS\system32\WindowsPowerShell\v1.0\Modules\
 QTJAVA=C:\Program Files\QuickTime\QTSystem\QTJava.zip
 SESSIONNAME=Console
 SystemDrive=C:
 SystemRoot=C:\WINDOWS
 TEMP=C:\DOCUME~1\SHAIDA~1\LOCALS~1\Temp
 TMP=C:\DOCUME~1\SHAIDA~1\LOCALS~1\Temp
 tns_admin=C:\oracle\product\10.2.0\client_2\
 USERDNSDOMAIN=TOPSOFT.LOCAL
 USERDOMAIN=TOPSOFT
 USERNAME=shaidarov
 USERPROFILE=C:\Documents and Settings\shaidarov
 windir=C:\WINDOWS
Список загруженных модулей
 VipER.exe                 00400000 00302000 65535/65535 11/авг/2010 15:31:36 E:\Atl540_33\exe\VipER.exe *5.4.33.0
 ntdll.dll                 7C900000 000B2000 65535/65535 09/фев/2009 15:10:48 C:\WINDOWS\system32\ntdll.dll *5.1.2600.5755
 kernel32.dll              7C800000 000F6000 65535/65535 21/мар/2009 17:06:58 C:\WINDOWS\system32\kernel32.dll *5.1.2600.5781
 atlantis.rtl              00340000 000AB000 65535/65535 20/апр/2010 12:15:16 E:\Atl540_33\exe\atlantis.rtl *5.4.30.0
 user32.dll                7E410000 00091000 65535/65535 14/апр/2008 05:42:10 C:\WINDOWS\system32\user32.dll *5.1.2600.5512
 GDI32.dll                 77F10000 00049000 65535/65535 23/окт/2008 15:36:14 C:\WINDOWS\system32\GDI32.dll *5.1.2600.5698
 advapi32.dll              77DD0000 0009B000 65535/65535 09/фев/2009 15:10:48 C:\WINDOWS\system32\advapi32.dll *5.1.2600.5755
 RPCRT4.dll                77E70000 00092000 65535/65535 15/апр/2009 17:51:25 C:\WINDOWS\system32\RPCRT4.dll *5.1.2600.5795
 Secur32.dll               77FE0000 00011000 65535/65535 25/июн/2009 11:25:26 C:\WINDOWS\system32\Secur32.dll *5.1.2600.5834
 atllib_.dll               00710000 00019000 65535/65535 28/июн/2010 17:11:14 E:\Atl540_33\exe\atllib_.dll *5.4.32.0
 nation_.dll               003F0000 00008000 65535/65535 05/ноя/2008 15:52:30 E:\Atl540_33\exe\nation_.dll *5.4.14.0
 streams_.dll              00900000 00090000 65535/65535 15/июл/2010 16:29:16 E:\Atl540_33\exe\streams_.dll *5.4.33.0
 forms_.dll                00DF0000 00088000 65535/65535 13/июл/2010 11:04:28 E:\Atl540_33\exe\forms_.dll *5.4.33.0
 ecc_.dll                  00AB0000 00024000 65535/65535 16/ноя/2009 11:38:15 E:\Atl540_33\exe\ecc_.dll *5.4.25.0
 base.dll                  00B80000 00050000 65535/65535 07/июн/2010 14:36:07 E:\Atl540_33\exe\base.dll *5.4.32.0
 protect_.dll              01000000 0000B000 65535/65535 20/апр/2010 15:26:52 E:\Atl540_33\exe\protect_.dll *5.4.30.0
 _cfg.dll                  00A60000 00017000 65535/65535 18/фев/2009 19:47:53 E:\Atl540_33\exe\_cfg.dll *5.4.16.0
 ole32.dll                 774E0000 0013E000 65535/65535 16/июл/2010 15:05:55 C:\WINDOWS\system32\ole32.dll *5.1.2600.6010
 msvcrt.dll                77C10000 00058000 65535/65535 14/апр/2008 05:42:02 C:\WINDOWS\system32\msvcrt.dll *7.0.2600.5512/6.1.8638.5512
 atlPOP.dll                00730000 00084000 65535/65535 08/май/2009 10:52:53 E:\Atl540_33\exe\atlPOP.dll *5.4.19.0
 oleaut32.dll              77120000 0008B000 65535/65535 14/апр/2008 05:42:04 C:\WINDOWS\system32\oleaut32.dll *5.1.2600.5512
 comctl32.dll              773D0000 00103000 65535/65535 23/авг/2010 19:12:02 C:\WINDOWS\WinSxS\x86_Microsoft.Windows.Common-Controls_6595b64144ccf1df_6.0.2600.6028_x-ww_61e65202\comctl32.dll *6.0.2900.6028
 SHLWAPI.dll               77F60000 00076000 65535/65535 08/дек/2009 12:23:28 C:\WINDOWS\system32\SHLWAPI.dll *6.0.2900.5912
 editor_.dll               01140000 00024000 65535/65535 19/май/2010 16:14:35 E:\Atl540_33\exe\editor_.dll *5.4.31.0
 lotdll_.dll               01020000 00025000 65535/65535 10/авг/2010 12:43:04 E:\Atl540_33\exe\lotdll_.dll *5.4.33.0
 Design_.dll               007C0000 00060000 65535/65535 05/ноя/2008 15:52:30 E:\Atl540_33\exe\Design_.dll *5.4.14.0
 IMM32.DLL                 76390000 0001D000     3/3     14/апр/2008 05:41:56 C:\WINDOWS\system32\IMM32.DLL *5.1.2600.5512
 ws2_32.dll                71AB0000 00017000   121/121   14/апр/2008 05:42:12 C:\WINDOWS\system32\ws2_32.dll *5.1.2600.5512
 WS2HELP.dll               71AA0000 00008000   153/153   14/апр/2008 05:42:12 C:\WINDOWS\system32\WS2HELP.dll *5.1.2600.5512
 ssleay32.dll              10000000 00040000     1/1     21/янв/2008 02:19:32 E:\Atl540_33\exe\ssleay32.dll *0.9.8.7
 LIBEAY32.dll              01D70000 0012D000     2/2     21/янв/2008 02:18:46 E:\Atl540_33\exe\LIBEAY32.dll *0.9.8.7
 WSOCK32.dll               71AD0000 00009000     4/4     14/апр/2008 05:42:12 C:\WINDOWS\system32\WSOCK32.dll *5.1.2600.5512
 rsaenh.dll                68000000 00036000     1/1     13/апр/2008 23:07:58 C:\WINDOWS\system32\rsaenh.dll *5.1.2600.5507
 olepro32.dll              5EDD0000 00017000     3/3     14/апр/2008 05:42:04 C:\WINDOWS\system32\olepro32.dll *5.1.2600.5512
 VipIDE.dll                020A0000 00551000     1/1     23/авг/2010 11:14:06 E:\Atl540_33\exe\VipIDE.dll *5.4.14.0
 version.dll               77C00000 00008000    10/10    14/апр/2008 05:42:10 C:\WINDOWS\system32\version.dll *5.1.2600.5512
 shell32.dll               7C9C0000 00817000    17/17    17/июн/2008 22:02:19 C:\WINDOWS\system32\shell32.dll *6.0.2900.5622
 winspool.drv              73000000 00026000     2/2     14/апр/2008 05:42:46 C:\WINDOWS\system32\winspool.drv *5.1.2600.5512
 comdlg32.dll              763B0000 00049000     1/1     14/апр/2008 05:41:52 C:\WINDOWS\system32\comdlg32.dll *6.0.2900.5512
 oleacc.dll                61880000 0003A000     1/1     08/окт/2009 15:57:00 C:\WINDOWS\system32\oleacc.dll *7.0.2600.5884/5.1.2600.5884
 winmm.dll                 76B40000 0002D000     1/1     14/апр/2008 05:42:10 C:\WINDOWS\system32\winmm.dll *5.1.2600.5512
 MSCTF.dll                 74720000 0004C000     2/2     14/апр/2008 05:42:00 C:\WINDOWS\system32\MSCTF.dll *5.1.2600.5512
 msctfime.ime              755C0000 0002E000     2/2     14/апр/2008 05:40:08 C:\WINDOWS\system32\msctfime.ime *5.1.2600.5512
 uxtheme.dll               5AD70000 00038000     3/3     14/апр/2008 05:42:10 C:\WINDOWS\system32\uxtheme.dll *6.0.2900.5512
 GalSpell.dll              02C00000 00213000     1/1     28/ноя/2007 15:19:13 E:\Atl540_33\exe\GalSpell.dll *5.3.14.0
 SETUPAPI.dll              77920000 000F3000     1/1     14/апр/2008 05:42:06 C:\WINDOWS\system32\SETUPAPI.dll *5.1.2600.5512
 appHelp.dll               77B40000 00022000     1/1     14/апр/2008 05:41:50 C:\WINDOWS\system32\appHelp.dll *5.1.2600.5512
 CLBCATQ.DLL               76FD0000 0007F000     4/4     14/апр/2008 05:41:52 C:\WINDOWS\system32\CLBCATQ.DLL *2001.12.4414.700/3.0.0.4414
 COMRes.dll                77050000 000C5000     4/4     14/апр/2008 05:41:52 C:\WINDOWS\system32\COMRes.dll *2001.12.4414.700/3.0.0.4414
 GrooveShellExtensions.dll 661D0000 0021F000     5/5     12/фев/2009 15:19:32 C:\Program Files\Microsoft Office\Office12\GrooveShellExtensions.dll *12.0.6421.1000/4.2.2.2807
 GrooveUtil.DLL            68EF0000 000F2000     5/5     06/мар/2009 04:33:26 C:\Program Files\Microsoft Office\Office12\GrooveUtil.DLL *12.0.6423.1000/4.2.2.2807
 WININET.dll               3D930000 000E6000     5/5     10/сен/2010 08:58:08 C:\WINDOWS\system32\WININET.dll *8.0.6001.18968
 Normaliz.dll              03DF0000 00009000     5/5     07/янв/2009 18:20:36 C:\WINDOWS\system32\Normaliz.dll *6.0.5441.0
 urlmon.dll                78130000 00133000     5/5     10/сен/2010 08:58:08 C:\WINDOWS\system32\urlmon.dll *8.0.6001.18968
 iertutil.dll              3DFD0000 001E8000    10/10    10/сен/2010 08:58:06 C:\WINDOWS\system32\iertutil.dll *8.0.6001.18968
 CRYPT32.dll               77A80000 00095000     5/5     14/апр/2008 05:41:52 C:\WINDOWS\system32\CRYPT32.dll *5.131.2600.5512
 MSASN1.dll                77B20000 00012000     5/5     05/сен/2009 00:03:36 C:\WINDOWS\system32\MSASN1.dll *5.1.2600.5875
 MSVCR80.dll               03E00000 0009B000    18/18    12/июл/2009 00:12:06 C:\WINDOWS\WinSxS\x86_Microsoft.VC80.CRT_1fc8b3b9a1e18e3b_8.0.50727.4053_x-ww_e6967989\MSVCR80.dll *8.0.50727.4053
 GrooveNew.DLL             68FF0000 00007000    10/10    25/окт/2008 11:44:34 C:\Program Files\Microsoft Office\Office12\GrooveNew.DLL *12.0.6413.1000/4.2.2.2803
 ATL80.DLL                 7C630000 0001B000    10/10    11/июл/2009 19:41:02 C:\WINDOWS\WinSxS\x86_Microsoft.VC80.ATL_1fc8b3b9a1e18e3b_8.0.50727.4053_x-ww_473666fd\ATL80.DLL *8.0.50727.4053
 MSImg32.dll               76380000 00005000     1/1     14/апр/2008 05:42:00 C:\WINDOWS\system32\MSImg32.dll *5.1.2600.5512
 cscui.dll                 77A20000 00054000     1/1     14/апр/2008 05:41:52 C:\WINDOWS\System32\cscui.dll *5.1.2600.5512
 CSCDLL.dll                76600000 0001D000     1/1     14/апр/2008 05:41:52 C:\WINDOWS\System32\CSCDLL.dll *5.1.2600.5512
 MPR.dll                   71B20000 00012000     7/7     14/апр/2008 05:41:58 C:\WINDOWS\system32\MPR.dll *5.1.2600.5512
 drprov.dll                75F60000 00007000     1/1     14/апр/2008 05:41:54 C:\WINDOWS\System32\drprov.dll *5.1.2600.5512
 ntlanman.dll              71C10000 0000E000     1/1     14/апр/2008 05:42:04 C:\WINDOWS\System32\ntlanman.dll *5.1.2600.5512
 NETAPI32.dll              5B860000 00055000     5/5     15/окт/2008 19:34:24 C:\WINDOWS\System32\NETAPI32.dll *5.1.2600.5694
 NETUI0.dll                71CD0000 00017000     2/2     14/апр/2008 05:42:04 C:\WINDOWS\System32\NETUI0.dll *5.1.2600.5512
 NETUI1.dll                71C90000 00040000     1/1     14/апр/2008 05:42:04 C:\WINDOWS\System32\NETUI1.dll *5.1.2600.5512
 NETRAP.dll                71C80000 00007000     1/1     14/апр/2008 05:42:02 C:\WINDOWS\System32\NETRAP.dll *5.1.2600.5512
 SAMLIB.dll                71BF0000 00013000     1/1     14/апр/2008 05:42:06 C:\WINDOWS\System32\SAMLIB.dll *5.1.2600.5512
 davclnt.dll               75F70000 0000A000     1/1     14/апр/2008 05:41:52 C:\WINDOWS\System32\davclnt.dll *5.1.2600.5512
 LMIRfsClientNP.dll        040F0000 00014000     1/1     28/май/2008 12:33:14 C:\WINDOWS\system32\LMIRfsClientNP.dll *2.1.3.0
 netprovcredman.dll        04120000 00036000     1/1     21/сен/2009 14:33:04 C:\WINDOWS\system32\netprovcredman.dll *13.0.0.0
 imagehlp.dll              76C90000 00028000     1/1     14/апр/2008 05:41:56 C:\WINDOWS\system32\imagehlp.dll *5.1.2600.5512
 SXS.DLL                   7E720000 000B0000     1/1     14/апр/2008 05:42:08 C:\WINDOWS\system32\SXS.DLL *5.1.2600.5512
 msxml3.dll                74980000 00123000     1/1     14/июн/2010 10:41:45 C:\WINDOWS\system32\msxml3.dll *8.100.1052.0
 xpsp2res.dll              04B90000 002C5000     1/1     13/апр/2008 23:09:26 C:\WINDOWS\system32\xpsp2res.dll *5.1.2600.5512
 BTRV_DRV.DLL              05060000 00039000     1/1     13/июл/2010 11:04:28 E:\Atl540_33\exe\BTRV_DRV.DLL *5.4.33.0
 WBTRV32.DLL               050A0000 0000E000     1/1     05/сен/2007 10:57:40 C:\Program Files\Pervasive Software\PSQL\bin\WBTRV32.DLL *10.0.151.0
 pscore3.dll               050C0000 0004B000     8/8     12/июн/2007 23:42:58 C:\Program Files\Pervasive Software\PSQL\bin\pscore3.dll *3.0.20.0
 pscl3.dll                 05120000 000C8000     4/4     13/июн/2007 00:08:48 C:\Program Files\Pervasive Software\PSQL\bin\pscl3.dll *3.0.20.0
 w3mif190.dll              67D00000 00060000     1/1     05/сен/2007 12:01:02 C:\Program Files\Pervasive Software\PSQL\bin\w3mif190.dll *10.0.151.0
 clientrb.dll              05240000 00081000     1/1     05/сен/2007 12:17:50 C:\Program Files\Pervasive Software\PSQL\bin\clientrb.dll *10.0.151.0
 pceurop.dll               053E0000 0001E000     1/1     13/июн/2007 00:54:54 C:\Program Files\Pervasive Software\PSQL\bin\pceurop.dll *3.0.20.0
 FwcWsp.dll                55600000 00035000     4/4     09/дек/2006 19:04:10 C:\Program Files\Microsoft Firewall Client 2004\FwcWsp.dll *4.0.3442.654
 mswsock.dll               71A50000 0003F000    33/33    20/июн/2008 20:46:57 C:\WINDOWS\System32\mswsock.dll *5.1.2600.5625
 DNSAPI.dll                76F20000 00027000     2/2     20/июн/2008 20:46:57 C:\WINDOWS\system32\DNSAPI.dll *5.1.2600.5625
 winrnr.dll                76FB0000 00008000     1/1     14/апр/2008 05:42:10 C:\WINDOWS\System32\winrnr.dll *5.1.2600.5512
 WLDAP32.dll               76F60000 0002C000     1/1     14/апр/2008 05:42:10 C:\WINDOWS\system32\WLDAP32.dll *5.1.2600.5512
 hnetcfg.dll               055E0000 00058000     1/1     14/апр/2008 05:41:56 C:\WINDOWS\system32\hnetcfg.dll *5.1.2600.5512
 wshtcpip.dll              71A90000 00008000     1/1     14/апр/2008 05:42:12 C:\WINDOWS\System32\wshtcpip.dll *5.1.2600.5512
 rasadhlp.dll              76FC0000 00006000     1/1     14/апр/2008 05:42:04 C:\WINDOWS\system32\rasadhlp.dll *5.1.2600.5512
 wtsapi32.dll              76F50000 00008000     1/1     14/апр/2008 05:42:12 C:\WINDOWS\system32\wtsapi32.dll *5.1.2600.5512
 WINSTA.dll                76360000 00010000     1/1     14/апр/2008 05:42:10 C:\WINDOWS\system32\WINSTA.dll *5.1.2600.5512
 atlsock.dll               009A0000 00010000     2/2     05/ноя/2008 15:52:30 E:\Atl540_33\exe\atlsock.dll *5.4.14.0
 MT_DRV.DLL                00E80000 0003B000     1/1     10/авг/2010 12:18:40 E:\Atl540_33\exe\MT_DRV.DLL *5.4.33.0

▓▓▓▓▓▓▓▓▓▓▓▓▓▓▓▓▓▓▓▓▓▓▓▓▓▓▓▓▓▓▓▓▓▓▓▓▓▓▓▓▓▓▓▓▓▓▓▓▓▓▓▓▓▓▓▓▓▓▓▓▓▓▓▓▓▓▓▓▓▓▓▓▓▓▓▓▓▓▓



