
▓ Программа: "VipER.exe"  Время запуска: 19:38:36 13/05/2010
▓ Исполняемый модуль: "E:\Atl540_26\exe\VipER.exe"
▓ Система: Windows NT  Логин: "Shaidarov"  Станция: "PNR-NOTE586"

Менеджер динамической памяти "VipIDE_Heap(.SysUser)"
Потеряно блоков: 7, байтов: 492

Менеджер динамической памяти ".SysUserHeap(.SysUser)"
Потеряно блоков: 1031, байтов: 18500


▓ Программа: "VipER.exe"  Время запуска: 19:52:26 13/05/2010
▓ Исполняемый модуль: "E:\Atl540_26\exe\VipER.exe"
▓ Система: Windows NT  Логин: "Shaidarov"  Станция: "PNR-NOTE586"

Менеджер динамической памяти "VipIDE_Heap(.SysUser)"
Потеряно блоков: 5, байтов: 368

Менеджер динамической памяти ".SysUserHeap(.SysUser)"
Потеряно блоков: 1031, байтов: 18508


▓ Программа: "VipER.exe"  Время запуска: 11:49:10 29/10/2010
▓ Исполняемый модуль: "E:\Atl540_33\exe\VipER.exe"
▓ Система: Windows NT  Логин: "shaidarov"  Станция: "PNR-NOTE586"

Менеджер динамической памяти "VipIDE_Heap(.SysUser)"
Потеряно блоков: 9, байтов: 8604

Менеджер динамической памяти ".SysUserHeap(.SysUser)"
Потеряно блоков: 222525, байтов: 7069152


▓ Программа: "VipER.exe"  Время запуска: 09:20:26 05/01/2011
▓ Исполняемый модуль: "E:\Atl540_34\exe\VipER.exe"
▓ Система: Windows NT  Логин: "Shaidarov"  Станция: "PNR-NOTE586"

Менеджер динамической памяти "VipIDE_Heap(.SysUser)"
Потеряно блоков: 4, байтов: 288

Менеджер динамической памяти ".SysUserHeap(.SysUser)"
Потеряно блоков: 515, байтов: 9076

