21:51:11 │  Предупреждение: Файлы Z:\VIP810\TNS\TNS_Zakachka\FRM\*.frm не найдены (стр.12, поз.18 в Z:\VIP810\TNS\TNS_Zakachka\TNS_Zakachka.prj)
         │ #make "FRM\*.frm"
         │                  ^
21:51:14 │  Предупреждение: Приведение строки к числу (стр.1016, поз.5 в Z:\VIP810\TNS\TNS_ZAKACHKA\VIP\ZAKACHKA.VPP)
         │     }
         │     ^
         │ Содержимое стека подключаемых файлов:
         │   Z:\VIP810\TNS\TNS_Zakachka\VIP\Zakachka.vip(242)
21:51:14 │  Предупреждение: Неявное добавление таблицы TYPEMC в логическую таблицу VZAKACHKAFROMEXCEL (стр.1931, поз.36 в Z:\VIP810\TNS\TNS_ZAKACHKA\VIP\ZAKACHKA.VPP)
         │       if getfirst typemc where ((tmp_excel.dmcell[3] == typemc.name)) = 0
         │               
         │ Содержимое стека подключаемых файлов:
         │   Z:\VIP810\TNS\TNS_Zakachka\VIP\Zakachka.vip(242)
21:51:14 │  Предупреждение: Неявное добавление таблицы NORMSFO в логическую таблицу VZAKACHKAFROMEXCEL (стр.2915, поз.37 в Z:\VIP810\TNS\TNS_ZAKACHKA\VIP\ZAKACHKA.VPP)
         │       if getfirst normsfo where (( tmp_excel.dmcell[2] == normsfo.kod)) = 0
         │            
         │ Содержимое стека подключаемых файлов:
         │   Z:\VIP810\TNS\TNS_Zakachka\VIP\Zakachka.vip(242)
21:51:14 │  Предупреждение: Приведение строки к числу (стр.2939, поз.49 в Z:\VIP810\TNS\TNS_ZAKACHKA\VIP\ZAKACHKA.VPP)
         │               normsfo.nacop:=tmp_excel.dmcell[5], 
         │                                                 ^
         │ Содержимое стека подключаемых файлов:
         │   Z:\VIP810\TNS\TNS_Zakachka\VIP\Zakachka.vip(242)
21:51:14 │  Предупреждение: Неявное добавление таблицы NORMDATESFO в логическую таблицу VZAKACHKAFROMEXCEL (стр.2946, поз.33 в Z:\VIP810\TNS\TNS_ZAKACHKA\VIP\ZAKACHKA.VPP)
         │         insert into normdatesfo set
         │                                 ^
         │ Содержимое стека подключаемых файлов:
         │   Z:\VIP810\TNS\TNS_Zakachka\VIP\Zakachka.vip(242)
21:51:14 │  Предупреждение: Значение преобразовано к строке (стр.2953, поз.131 в Z:\VIP810\TNS\TNS_ZAKACHKA\VIP\ZAKACHKA.VPP)
         │       logtime('Строка '+tmp_excel.dmcell[1]+'->Загрузка нормы СФО с кодом: '+normsfo.kod+'-'+normsfo.name+' на дату-'+wdatenormsfo) ;
         │      
         │ Содержимое стека подключаемых файлов:
         │   Z:\VIP810\TNS\TNS_Zakachka\VIP\Zakachka.vip(242)
21:51:14 │  Предупреждение: Неявное добавление таблицы NORMGROUPSFO в логическую таблицу VZAKACHKAFROMEXCEL (стр.2981, поз.32 в Z:\VIP810\TNS\TNS_ZAKACHKA\VIP\ZAKACHKA.VPP)
         │       insert into normgroupsfo set
         │                                ^
         │ Содержимое стека подключаемых файлов:
         │   Z:\VIP810\TNS\TNS_Zakachka\VIP\Zakachka.vip(242)
21:51:14 │  Предупреждение: Приведение строки к числу (стр.2986, поз.80 в Z:\VIP810\TNS\TNS_ZAKACHKA\VIP\ZAKACHKA.VPP)
         │         normgroupsfo.kol:=if(tmp_excel.dmcell[11]=0,65535,tmp_excel.dmcell[11]),
         │                                                                  
         │ Содержимое стека подключаемых файлов:
         │   Z:\VIP810\TNS\TNS_Zakachka\VIP\Zakachka.vip(242)
21:51:14 │  Предупреждение: Приведение строки к числу (стр.2987, поз.48 в Z:\VIP810\TNS\TNS_ZAKACHKA\VIP\ZAKACHKA.VPP)
         │         normgroupsfo.srok:=tmp_excel.dmcell[12],
         │                                                ^
         │ Содержимое стека подключаемых файлов:
         │   Z:\VIP810\TNS\TNS_Zakachka\VIP\Zakachka.vip(242)
21:51:14 │  Предупреждение: Неявное добавление таблицы MARSHIN в логическую таблицу VZAKACHKAFROMEXCEL (стр.5310, поз.35 в Z:\VIP810\TNS\TNS_ZAKACHKA\VIP\ZAKACHKA.VPP)
         │     if getfirst MarShin where (( tmp_excel.dmcell[3] ==MarShin.nmshin ))<>0
         │            
         │ Содержимое стека подключаемых файлов:
         │   Z:\VIP810\TNS\TNS_Zakachka\VIP\Zakachka.vip(242)
21:51:14 │  Предупреждение: Приведение строки к числу (стр.5341, поз.41 в Z:\VIP810\TNS\TNS_ZAKACHKA\VIP\ZAKACHKA.VPP)
         │       MarShin.garpr:=tmp_excel.dmcell[4];
         │                                         ^
         │ Содержимое стека подключаемых файлов:
         │   Z:\VIP810\TNS\TNS_Zakachka\VIP\Zakachka.vip(242)
21:51:14 │  Предупреждение: Приведение строки к числу (стр.5343, поз.42 в Z:\VIP810\TNS\TNS_ZAKACHKA\VIP\ZAKACHKA.VPP)
         │       MarShin.nomrsl:=tmp_excel.dmcell[6];
         │                                          ^
         │ Содержимое стека подключаемых файлов:
         │   Z:\VIP810\TNS\TNS_Zakachka\VIP\Zakachka.vip(242)
21:51:14 │  Предупреждение: Неявное добавление таблицы TIPCOMP в логическую таблицу VZAKACHKAFROMEXCEL (стр.5379, поз.35 в Z:\VIP810\TNS\TNS_ZAKACHKA\VIP\ZAKACHKA.VPP)
         │     if getfirst tipcomp where ((0 == tipcomp.whatis and tmp_excel.dmcell[4] == tipcomp.
         │ Содержимое стека подключаемых файлов:
         │   Z:\VIP810\TNS\TNS_Zakachka\VIP\Zakachka.vip(242)
21:51:14 │  Предупреждение: Неявное добавление таблицы MARCOMP в логическую таблицу VZAKACHKAFROMEXCEL (стр.5389, поз.35 в Z:\VIP810\TNS\TNS_ZAKACHKA\VIP\ZAKACHKA.VPP)
         │     if getfirst MarComp where ((0 == MarComp.whatis and wctype == MarComp.ctipcomp and 
         │ Содержимое стека подключаемых файлов:
         │   Z:\VIP810\TNS\TNS_Zakachka\VIP\Zakachka.vip(242)
21:51:14 │  Предупреждение: Приведение строки к числу (стр.5420, поз.41 в Z:\VIP810\TNS\TNS_ZAKACHKA\VIP\ZAKACHKA.VPP)
         │       MarComp.garpr:=tmp_excel.dmcell[3];
         │                                         ^
         │ Содержимое стека подключаемых файлов:
         │   Z:\VIP810\TNS\TNS_Zakachka\VIP\Zakachka.vip(242)
21:51:14 │  Предупреждение: Приведение строки к числу (стр.5484, поз.41 в Z:\VIP810\TNS\TNS_ZAKACHKA\VIP\ZAKACHKA.VPP)
         │       Marka.gruzpod:=tmp_excel.dmcell[3];
         │                                         ^
         │ Содержимое стека подключаемых файлов:
         │   Z:\VIP810\TNS\TNS_Zakachka\VIP\Zakachka.vip(242)
21:51:14 │  Предупреждение: Приведение строки к числу (стр.5485, поз.40 в Z:\VIP810\TNS\TNS_ZAKACHKA\VIP\ZAKACHKA.VPP)
         │       Marka.volume:=tmp_excel.dmcell[4];
         │                                        ^
         │ Содержимое стека подключаемых файлов:
         │   Z:\VIP810\TNS\TNS_Zakachka\VIP\Zakachka.vip(242)
21:51:14 │  Предупреждение: Приведение строки к числу (стр.5549, поз.41 в Z:\VIP810\TNS\TNS_ZAKACHKA\VIP\ZAKACHKA.VPP)
         │       Marka.gruzpod:=tmp_excel.dmcell[3];
         │                                         ^
         │ Содержимое стека подключаемых файлов:
         │   Z:\VIP810\TNS\TNS_Zakachka\VIP\Zakachka.vip(242)
21:51:14 │  Предупреждение: Приведение строки к числу (стр.5550, поз.40 в Z:\VIP810\TNS\TNS_ZAKACHKA\VIP\ZAKACHKA.VPP)
         │       Marka.volume:=tmp_excel.dmcell[4];
         │                                        ^
         │ Содержимое стека подключаемых файлов:
         │   Z:\VIP810\TNS\TNS_Zakachka\VIP\Zakachka.vip(242)
21:51:14 │  Предупреждение: Приведение строки к числу (стр.5614, поз.42 в Z:\VIP810\TNS\TNS_ZAKACHKA\VIP\ZAKACHKA.VPP)
         │     godv:=to_date(1,1,tmp_excel.dmcell[4]);
         │                                          ^
         │ Содержимое стека подключаемых файлов:
         │   Z:\VIP810\TNS\TNS_Zakachka\VIP\Zakachka.vip(242)
21:51:14 │  Предупреждение: Неявное добавление таблицы ATTRVAL в логическую таблицу VZAKACHKAFROMEXCEL (стр.5629, поз.13 в Z:\VIP810\TNS\TNS_ZAKACHKA\VIP\ZAKACHKA.VPP)
         │             where ((
         │             ^
         │ Содержимое стека подключаемых файлов:
         │   Z:\VIP810\TNS\TNS_Zakachka\VIP\Zakachka.vip(242)
21:51:14 │  Предупреждение: Неявное добавление таблицы COMPON в логическую таблицу VZAKACHKAFROMEXCEL (стр.5701, поз.37 в Z:\VIP810\TNS\TNS_ZAKACHKA\VIP\ZAKACHKA.VPP)
         │       if (getfirst compon where ((0 == compon.whatis and comp(0) == compon.ccompon and t
         │ Содержимое стека подключаемых файлов:
         │   Z:\VIP810\TNS\TNS_Zakachka\VIP\Zakachka.vip(242)
21:51:14 │  Предупреждение: Данный оператор скорее всего не имеет смысла (возможно вместо := поставлено =) (стр.5753, поз.68 в Z:\VIP810\TNS\TNS_ZAKACHKA\VIP\ZAKACHKA.VPP)
         │       Transp.passport=tmp_excel.dmcell[29]+' '+tmp_excel.dmcell[30];
         │                         
         │ Содержимое стека подключаемых файлов:
         │   Z:\VIP810\TNS\TNS_Zakachka\VIP\Zakachka.vip(242)
21:51:14 │  Предупреждение: Данный оператор скорее всего не имеет смысла (возможно вместо := поставлено =) (стр.5754, поз.83 в Z:\VIP810\TNS\TNS_ZAKACHKA\VIP\ZAKACHKA.VPP)
         │       Transp.datakk=strtodate(replace(tmp_excel.dmcell[31],'.','/'), 'DD/MM/YYYY');
         │          
         │ Содержимое стека подключаемых файлов:
         │   Z:\VIP810\TNS\TNS_Zakachka\VIP\Zakachka.vip(242)
21:51:14 │  Предупреждение: Приведение строки к числу (стр.5773, поз.43 в Z:\VIP810\TNS\TNS_ZAKACHKA\VIP\ZAKACHKA.VPP)
         │       Transp.wdop6 := tmp_excel.dmcell[13];
         │                                           ^
         │ Содержимое стека подключаемых файлов:
         │   Z:\VIP810\TNS\TNS_Zakachka\VIP\Zakachka.vip(242)
21:51:14 │  Предупреждение: Приведение строки к числу (стр.5774, поз.44 в Z:\VIP810\TNS\TNS_ZAKACHKA\VIP\ZAKACHKA.VPP)
         │       Transp.weight := tmp_excel.dmcell[14];
         │                                            ^
         │ Содержимое стека подключаемых файлов:
         │   Z:\VIP810\TNS\TNS_Zakachka\VIP\Zakachka.vip(242)
21:51:14 │  Предупреждение: Приведение строки к числу (стр.5775, поз.42 в Z:\VIP810\TNS\TNS_ZAKACHKA\VIP\ZAKACHKA.VPP)
         │       Transp.dop6 := tmp_excel.dmcell[15];
         │                                          ^
         │ Содержимое стека подключаемых файлов:
         │   Z:\VIP810\TNS\TNS_Zakachka\VIP\Zakachka.vip(242)
21:51:14 │  Предупреждение: Приведение строки к числу (стр.5776, поз.45 в Z:\VIP810\TNS\TNS_ZAKACHKA\VIP\ZAKACHKA.VPP)
         │       Transp.timeakk := tmp_excel.dmcell[16];
         │                                             ^
         │ Содержимое стека подключаемых файлов:
         │   Z:\VIP810\TNS\TNS_Zakachka\VIP\Zakachka.vip(242)
21:51:14 │  Предупреждение: Приведение строки к числу (стр.5777, поз.45 в Z:\VIP810\TNS\TNS_ZAKACHKA\VIP\ZAKACHKA.VPP)
         │       Transp.forcels := tmp_excel.dmcell[17];
         │                                             ^
         │ Содержимое стека подключаемых файлов:
         │   Z:\VIP810\TNS\TNS_Zakachka\VIP\Zakachka.vip(242)
21:51:14 │  Предупреждение: Приведение строки к числу (стр.5778, поз.46 в Z:\VIP810\TNS\TNS_ZAKACHKA\VIP\ZAKACHKA.VPP)
         │       Transp.forcekvt := tmp_excel.dmcell[18];
         │                                              ^
         │ Содержимое стека подключаемых файлов:
         │   Z:\VIP810\TNS\TNS_Zakachka\VIP\Zakachka.vip(242)
21:51:14 │  Предупреждение: Приведение строки к числу (стр.5780, поз.43 в Z:\VIP810\TNS\TNS_ZAKACHKA\VIP\ZAKACHKA.VPP)
         │       Transp.wdop7 := tmp_excel.dmcell[20];
         │                                           ^
         │ Содержимое стека подключаемых файлов:
         │   Z:\VIP810\TNS\TNS_Zakachka\VIP\Zakachka.vip(242)
21:51:14 │  Предупреждение: Приведение строки к числу (стр.5834, поз.42 в Z:\VIP810\TNS\TNS_ZAKACHKA\VIP\ZAKACHKA.VPP)
         │     godv:=to_date(1,1,tmp_excel.dmcell[4]);
         │                                          ^
         │ Содержимое стека подключаемых файлов:
         │   Z:\VIP810\TNS\TNS_Zakachka\VIP\Zakachka.vip(242)
21:51:14 │  Предупреждение: Данный оператор скорее всего не имеет смысла (возможно вместо := поставлено =) (стр.5973, поз.68 в Z:\VIP810\TNS\TNS_ZAKACHKA\VIP\ZAKACHKA.VPP)
         │       Transp.passport=tmp_excel.dmcell[29]+' '+tmp_excel.dmcell[30];
         │                         
         │ Содержимое стека подключаемых файлов:
         │   Z:\VIP810\TNS\TNS_Zakachka\VIP\Zakachka.vip(242)
21:51:14 │  Предупреждение: Данный оператор скорее всего не имеет смысла (возможно вместо := поставлено =) (стр.5974, поз.83 в Z:\VIP810\TNS\TNS_ZAKACHKA\VIP\ZAKACHKA.VPP)
         │       Transp.datakk=strtodate(replace(tmp_excel.dmcell[31],'.','/'), 'DD/MM/YYYY');
         │          
         │ Содержимое стека подключаемых файлов:
         │   Z:\VIP810\TNS\TNS_Zakachka\VIP\Zakachka.vip(242)
21:51:15 │  Предупреждение: Приведение строки к числу (стр.5993, поз.43 в Z:\VIP810\TNS\TNS_ZAKACHKA\VIP\ZAKACHKA.VPP)
         │       Transp.wdop6 := tmp_excel.dmcell[13];
         │                                           ^
         │ Содержимое стека подключаемых файлов:
         │   Z:\VIP810\TNS\TNS_Zakachka\VIP\Zakachka.vip(242)
21:51:15 │  Предупреждение: Приведение строки к числу (стр.5994, поз.44 в Z:\VIP810\TNS\TNS_ZAKACHKA\VIP\ZAKACHKA.VPP)
         │       Transp.weight := tmp_excel.dmcell[14];
         │                                            ^
         │ Содержимое стека подключаемых файлов:
         │   Z:\VIP810\TNS\TNS_Zakachka\VIP\Zakachka.vip(242)
21:51:15 │  Предупреждение: Приведение строки к числу (стр.5995, поз.42 в Z:\VIP810\TNS\TNS_ZAKACHKA\VIP\ZAKACHKA.VPP)
         │       Transp.dop6 := tmp_excel.dmcell[15];
         │                                          ^
         │ Содержимое стека подключаемых файлов:
         │   Z:\VIP810\TNS\TNS_Zakachka\VIP\Zakachka.vip(242)
21:51:15 │  Предупреждение: Приведение строки к числу (стр.5996, поз.45 в Z:\VIP810\TNS\TNS_ZAKACHKA\VIP\ZAKACHKA.VPP)
         │       Transp.timeakk := tmp_excel.dmcell[16];
         │                                             ^
         │ Содержимое стека подключаемых файлов:
         │   Z:\VIP810\TNS\TNS_Zakachka\VIP\Zakachka.vip(242)
21:51:15 │  Предупреждение: Приведение строки к числу (стр.5997, поз.45 в Z:\VIP810\TNS\TNS_ZAKACHKA\VIP\ZAKACHKA.VPP)
         │       Transp.forcels := tmp_excel.dmcell[17];
         │                                             ^
         │ Содержимое стека подключаемых файлов:
         │   Z:\VIP810\TNS\TNS_Zakachka\VIP\Zakachka.vip(242)
21:51:15 │  Предупреждение: Приведение строки к числу (стр.5998, поз.46 в Z:\VIP810\TNS\TNS_ZAKACHKA\VIP\ZAKACHKA.VPP)
         │       Transp.forcekvt := tmp_excel.dmcell[18];
         │                                              ^
         │ Содержимое стека подключаемых файлов:
         │   Z:\VIP810\TNS\TNS_Zakachka\VIP\Zakachka.vip(242)
21:51:15 │  Предупреждение: Приведение строки к числу (стр.6000, поз.43 в Z:\VIP810\TNS\TNS_ZAKACHKA\VIP\ZAKACHKA.VPP)
         │       Transp.wdop7 := tmp_excel.dmcell[20];
         │                                           ^
         │ Содержимое стека подключаемых файлов:
         │   Z:\VIP810\TNS\TNS_Zakachka\VIP\Zakachka.vip(242)
21:51:15 │  Предупреждение: Приведение строки к числу (стр.6444, поз.44 в Z:\VIP810\TNS\TNS_ZAKACHKA\VIP\ZAKACHKA.VPP)
         │       ShinAF.probegall:=tmp_excel.dmcell[5];
         │                                            ^
         │ Содержимое стека подключаемых файлов:
         │   Z:\VIP810\TNS\TNS_Zakachka\VIP\Zakachka.vip(242)
21:51:15 │  Предупреждение: Приведение строки к числу (стр.6464, поз.44 в Z:\VIP810\TNS\TNS_ZAKACHKA\VIP\ZAKACHKA.VPP)
         │       ShinAF.probegall:=tmp_excel.dmcell[5];
         │                                            ^
         │ Содержимое стека подключаемых файлов:
         │   Z:\VIP810\TNS\TNS_Zakachka\VIP\Zakachka.vip(242)
21:51:15 │  Предупреждение: Приведение строки к числу (стр.6564, поз.46 в Z:\VIP810\TNS\TNS_ZAKACHKA\VIP\ZAKACHKA.VPP)
         │         Compon.xardoub23:=tmp_excel.dmcell[4];
         │                                              ^
         │ Содержимое стека подключаемых файлов:
         │   Z:\VIP810\TNS\TNS_Zakachka\VIP\Zakachka.vip(242)
21:51:15 │  Предупреждение: Приведение строки к числу (стр.6613, поз.69 в Z:\VIP810\TNS\TNS_ZAKACHKA\VIP\ZAKACHKA.VPP)
         │     if getfirst waydoc where ((tmp_excel.dmcell[2] == waydoc.whatis and tmp_excel.dmcell[3] == waydoc.code)) = 0
         │                                  
         │ Содержимое стека подключаемых файлов:
         │   Z:\VIP810\TNS\TNS_Zakachka\VIP\Zakachka.vip(242)
21:51:15 │  Предупреждение: Приведение строки к числу (стр.6624, поз.71 в Z:\VIP810\TNS\TNS_ZAKACHKA\VIP\ZAKACHKA.VPP)
         │     if getfirst AutoDoc where ((tmp_excel.dmcell[2] == autodoc.whatis and wcwaydoc == autodoc.cwaydoc and tmp_excel.dmcell[4] == AutoDoc.nom_doc )
         │ Содержимое стека подключаемых файлов:
         │   Z:\VIP810\TNS\TNS_Zakachka\VIP\Zakachka.vip(242)
21:51:15 │  Предупреждение: Приведение строки к числу (стр.6661, поз.142 в Z:\VIP810\TNS\TNS_ZAKACHKA\VIP\ZAKACHKA.VPP)
         │           if getfirst kndriver where ((wcorg == kndriver.corg and 0 == kndriver.tiptc and 0 == kndriver.typepers and wkoddrv == kndriver.tabn)) =
         │ Содержимое стека подключаемых файлов:
         │   Z:\VIP810\TNS\TNS_Zakachka\VIP\Zakachka.vip(242)
21:51:15 │  Предупреждение: Приведение строки к числу (стр.6688, поз.46 в Z:\VIP810\TNS\TNS_ZAKACHKA\VIP\ZAKACHKA.VPP)
         │         Autodoc.whatis := tmp_excel.dmcell[2];
         │                                              ^
         │ Содержимое стека подключаемых файлов:
         │   Z:\VIP810\TNS\TNS_Zakachka\VIP\Zakachka.vip(242)
21:51:15 │  Предупреждение: Приведение строки к числу (стр.6695, поз.46 в Z:\VIP810\TNS\TNS_ZAKACHKA\VIP\ZAKACHKA.VPP)
         │         Autodoc.dppokaz1:=tmp_excel.dmcell[9];
         │                                              ^
         │ Содержимое стека подключаемых файлов:
         │   Z:\VIP810\TNS\TNS_Zakachka\VIP\Zakachka.vip(242)
21:51:15 │  Предупреждение: Приведение строки к числу (стр.6705, поз.47 в Z:\VIP810\TNS\TNS_ZAKACHKA\VIP\ZAKACHKA.VPP)
         │         TranInf.InfTr22 := tmp_excel.dmcell[2];
         │                                               ^
         │ Содержимое стека подключаемых файлов:
         │   Z:\VIP810\TNS\TNS_Zakachka\VIP\Zakachka.vip(242)
21:51:15 │  Предупреждение: Приведение строки к числу (стр.6839, поз.135 в Z:\VIP810\TNS\TNS_ZAKACHKA\VIP\ZAKACHKA.VPP)
         │       if getfirst kndriver where ((wcorg == kndriver.corg and 0 == kndriver.tiptc and 0 == kndriver.typepers and wkod == kndriver.tabn)) = 0
         │     
         │ Содержимое стека подключаемых файлов:
         │   Z:\VIP810\TNS\TNS_Zakachka\VIP\Zakachka.vip(242)
21:51:15 │  Предупреждение: Приведение строки к числу (стр.6846, поз.47 в Z:\VIP810\TNS\TNS_ZAKACHKA\VIP\ZAKACHKA.VPP)
         │         kndriver.klassv := tmp_excel.dmcell[2];
         │                                               ^
         │ Содержимое стека подключаемых файлов:
         │   Z:\VIP810\TNS\TNS_Zakachka\VIP\Zakachka.vip(242)
