13:42:34 │  Предупреждение: Не задано имя компонента, компонентная принадлежность таблиц учитываться не будет (стр.17, поз.1 в Z:\VIP810\TNS\all\RS_UsrReports.vip)
         │ Interface UserReport_MENUAVTTransp_PutLstChk;
         │ ^
13:42:34 │  Предупреждение: Не найден файл контроля лицензий "Z:\VIP810\vip_gal\autoexec.vpp" !
         │ Без него не будет проверяться дата окончания абонентского обслуживания! (стр.30, поз.1 в Z:\VIP810\TNS\all\RS_UsrReports.vip)
         │ procedure Run;
         │ ^
13:42:34 │  Предупреждение: Не найден файл контроля лицензий "Z:\VIP810\vip_gal\autoexec.vpp" !
         │ Без него не будет проверяться дата окончания абонентского обслуживания! (стр.30, поз.1 в Z:\VIP810\TNS\all\RS_UsrReports.vip)
         │ procedure Run;
         │ ^
13:42:34 │  Предупреждение: Не найден файл контроля лицензий "Z:\VIP810\vip_gal\autoexec.vpp" !
         │ Без него не будет проверяться дата окончания абонентского обслуживания! (стр.30, поз.1 в Z:\VIP810\TNS\all\RS_UsrReports.vip)
         │ procedure Run;
         │ ^
13:42:34 │  Предупреждение: Не найден файл контроля лицензий "Z:\VIP810\vip_gal\autoexec.vpp" !
         │ Без него не будет проверяться дата окончания абонентского обслуживания! (стр.30, поз.1 в Z:\VIP810\TNS\all\RS_UsrReports.vip)
         │ procedure Run;
         │ ^
13:42:34 │  Предупреждение: Не найден файл контроля лицензий "Z:\VIP810\vip_gal\autoexec.vpp" !
         │ Без него не будет проверяться дата окончания абонентского обслуживания! (стр.30, поз.1 в Z:\VIP810\TNS\all\RS_UsrReports.vip)
         │ procedure Run;
         │ ^
13:42:34 │  Предупреждение: Не найден файл контроля лицензий "Z:\VIP810\vip_gal\autoexec.vpp" !
         │ Без него не будет проверяться дата окончания абонентского обслуживания! (стр.30, поз.1 в Z:\VIP810\TNS\all\RS_UsrReports.vip)
         │ procedure Run;
         │ ^
13:42:34 │  Предупреждение: Не найден файл контроля лицензий "Z:\VIP810\vip_gal\autoexec.vpp" !
         │ Без него не будет проверяться дата окончания абонентского обслуживания! (стр.30, поз.1 в Z:\VIP810\TNS\all\RS_UsrReports.vip)
         │ procedure Run;
         │ ^
13:42:35 │  Предупреждение: Не найден файл контроля лицензий "Z:\VIP810\vip_gal\autoexec.vpp" !
         │ Без него не будет проверяться дата окончания абонентского обслуживания! (стр.30, поз.1 в Z:\VIP810\TNS\all\RS_UsrReports.vip)
         │ procedure Run;
         │ ^
13:42:35 │  Предупреждение: Не найден файл контроля лицензий "Z:\VIP810\vip_gal\autoexec.vpp" !
         │ Без него не будет проверяться дата окончания абонентского обслуживания! (стр.30, поз.1 в Z:\VIP810\TNS\all\RS_UsrReports.vip)
         │ procedure Run;
         │ ^
13:42:35 │  Предупреждение: Не найден файл контроля лицензий "Z:\VIP810\vip_gal\autoexec.vpp" !
         │ Без него не будет проверяться дата окончания абонентского обслуживания! (стр.30, поз.1 в Z:\VIP810\TNS\all\RS_UsrReports.vip)
         │ procedure Run;
         │ ^
13:42:37 │  Ошибка: Ошибка при открытии include файла ALTER_PUT_LST__FILT_NEW.VPP (стр.71, поз.37 в Z:\VIP810\TNS\transp_tmp\ALTER_PUT_LST.VIP)
         │ #include ALTER_PUT_LST__FILT_NEW.VPP
         │                                     ^
13:42:38 │  Предупреждение: Файлы Z:\VIP810\TNS\transp_tmp\*.frm не найдены (стр.23, поз.25 в Z:\VIP810\TNS\transp_tmp.prj)
         │ #make "transp_tmp\*.frm"
         │                         ^
13:42:38 │  Предупреждение: Файлы Z:\VIP810\TNS\transp_tmp\*.rtf не найдены (стр.24, поз.25 в Z:\VIP810\TNS\transp_tmp.prj)
         │ #make "transp_tmp\*.rtf"
         │                         ^
13:42:38 │  Предупреждение: Файлы Z:\VIP810\TNS\transp_tmp\*.slk не найдены (стр.25, поз.25 в Z:\VIP810\TNS\transp_tmp.prj)
         │ #make "transp_tmp\*.slk"
         │                         ^
