19:51:49 │  Предупреждение: Не задано имя компонента, компонентная принадлежность таблиц учитываться не будет (стр.17, поз.1 в Z:\VIP810\TNS\all\RS_UsrReports.vip)
         │ Interface UserReport_MENUAVTTransp_PutLstChk;
         │ ^
19:51:50 │  Предупреждение: Продублированное имя:SCRMAIN (стр.191, поз.1 в Z:\VIP810\TNS\TNS_Auto\vip\CardTsXls.Vip)
         │ Fields
         │ ^
19:51:50 │  Предупреждение: Приведение действительного типа к целому (стр.49, поз.20 в Z:\VIP810\TNS\TNS_AUTO\VIP\CARDTSXLS.VPP)
         │     doA: Array[1.20] of Double;
         │                    ^
         │ Содержимое стека подключаемых файлов:
         │   Z:\VIP810\TNS\TNS_Auto\vip\CardTsXls.Vip(275)
19:51:50 │  Предупреждение: Неявное добавление таблицы PUTGSM в логическую таблицу CARDTSXLS (стр.94, поз.35 в Z:\VIP810\TNS\TNS_AUTO\VIP\CARDTSXLS.VPP)
         │      if(GetFirst PutGsm Where ((PutLst.Nrec == PutGsm.cPutLst))=tsOK)
         │                                 
         │ Содержимое стека подключаемых файлов:
         │   Z:\VIP810\TNS\TNS_Auto\vip\CardTsXls.Vip(275)
19:51:50 │  Предупреждение: Неявное добавление таблицы MARAVT в логическую таблицу CARDTSXLS (стр.110, поз.41 в Z:\VIP810\TNS\TNS_AUTO\VIP\CARDTSXLS.VPP)
         │      Str:= if(GetFirst MarAvt Where ((PutLst.cOrgAvt == MarAvt.cOrg (Noindex) )) =tsOk,NMARAVT,'');
         │  
         │ Содержимое стека подключаемых файлов:
         │   Z:\VIP810\TNS\TNS_Auto\vip\CardTsXls.Vip(275)
19:51:50 │  Предупреждение: Неявное добавление таблицы TRANINF в логическую таблицу CARDTSXLS (стр.112, поз.42 в Z:\VIP810\TNS\TNS_AUTO\VIP\CARDTSXLS.VPP)
         │      Str:=if(GetFirst TranInf  Where ((Putlst.cVal == TranInf.Nrec)) =tsOk,TranInf.NomKar1,'');
         │     
         │ Содержимое стека подключаемых файлов:
         │   Z:\VIP810\TNS\TNS_Auto\vip\CardTsXls.Vip(275)
19:51:50 │  Предупреждение: Неявное добавление таблицы SAVE_DRV в логическую таблицу CARDTSXLS (стр.117, поз.37 в Z:\VIP810\TNS\TNS_AUTO\VIP\CARDTSXLS.VPP)
         │      if(GetFirst Save_Drv Where ((PutLst.Nrec == Save_Drv.cPutlst ))=tsOK)
         │                         
         │ Содержимое стека подключаемых файлов:
         │   Z:\VIP810\TNS\TNS_Auto\vip\CardTsXls.Vip(275)
19:51:50 │  Предупреждение: Неявное добавление таблицы KNDRIVER в логическую таблицу CARDTSXLS (стр.118, поз.38 в Z:\VIP810\TNS\TNS_AUTO\VIP\CARDTSXLS.VPP)
         │       if(GetFirst KNDRIVER Where ((Save_Drv.cKNDRIVER == KNDRIVER.Nrec ))=tsOK)
         │                    
         │ Содержимое стека подключаемых файлов:
         │   Z:\VIP810\TNS\TNS_Auto\vip\CardTsXls.Vip(275)
19:51:50 │  Предупреждение: Неявное добавление таблицы KATMC в логическую таблицу CARDTSXLS (стр.131, поз.36 в Z:\VIP810\TNS\TNS_AUTO\VIP\CARDTSXLS.VPP)
         │        if(GetFirst KatMc Where ((PutGsm.cToplivo == Toplivo.Nrec))=tsOK)
         │                              
         │ Содержимое стека подключаемых файлов:
         │   Z:\VIP810\TNS\TNS_Auto\vip\CardTsXls.Vip(275)
19:51:50 │  Предупреждение: Неявное добавление таблицы TOPLIVO в логическую таблицу CARDTSXLS (стр.131, поз.65 в Z:\VIP810\TNS\TNS_AUTO\VIP\CARDTSXLS.VPP)
         │        if(GetFirst KatMc Where ((PutGsm.cToplivo == Toplivo.Nrec))=tsOK)
         │                                      
         │ Содержимое стека подключаемых файлов:
         │   Z:\VIP810\TNS\TNS_Auto\vip\CardTsXls.Vip(275)
19:51:50 │  Предупреждение: Не было присвоения значения результату функции RunRep1 (стр.322, поз.1 в Z:\VIP810\TNS\TNS_AUTO\VIP\CARDTSXLS.VPP)
         │ }
         │ ^
         │ Содержимое стека подключаемых файлов:
         │   Z:\VIP810\TNS\TNS_Auto\vip\CardTsXls.Vip(275)
19:51:50 │  Предупреждение: Разное количество фактических (0) и формальных (3) параметров при вызове F_USERREPORT::CARDTSXLS  (стр.354, поз.35 в Z:\VIP810\TNS\TNS_Auto\vip\CardTsXls.Vip)
         │   RunInterfaceNoModal('CardTsXls');
         │                                   ^
19:51:52 │  Предупреждение: Данный оператор скорее всего не имеет смысла (возможно вместо := поставлено =) (стр.1102, поз.40 в Z:\VIP810\TNS\TNS_Auto\vip\ImportPutLst.Vip)
         │        PUTGSM.CGSMALG=013E000000000073h;
         │                                        ^
19:51:52 │  Предупреждение: Данный оператор скорее всего не имеет смысла (возможно вместо := поставлено =) (стр.1118, поз.42 в Z:\VIP810\TNS\TNS_Auto\vip\ImportPutLst.Vip)
         │          PUTGSM.CGSMALG=013E000000000073h;
         │                                          ^
19:51:52 │  Предупреждение: Отсутствует информация о лицензировании IMPORTPUTLST. Помечаем как не лицензированный. (стр.1431, поз.5 в Z:\VIP810\TNS\TNS_Auto\vip\ImportPutLst.Vip)
         │ End.
         │     ^
19:51:53 │  Предупреждение: Таблица "TRANSP_2", включенная в главную логическую таблицу интерфейса "TRANSP_PUTLSTCHK", не была явно использована (стр.355, поз.5 в Z:\VIP810\TNS\TNS_Auto\vip\T01_Transp_PutLstChk.vip)
         │ end.
         │     ^
19:51:54 │  Предупреждение: Неявное добавление таблицы MY_TOPLIVO_PL в логическую таблицу TRANSP_GSM_03 (стр.311, поз.9 в Z:\VIP810\TNS\TNS_AUTO\VIP\TRANSP_PUTLST.VPP)
         │               if getfirst My_Toplivo_PL where (( My_WorkTable.Putlst_Nrec == My_Toplivo
         │ Содержимое стека подключаемых файлов:
         │   Z:\VIP810\TNS\TNS_Auto\vip\T03_Transp_GSM.vip(26)
19:51:54 │  Предупреждение: Приведение строки к числу (стр.328, поз.5 в Z:\VIP810\TNS\TNS_AUTO\VIP\TRANSP_PUTLST.VPP)
         │     ww_norm_rasx1:=substr(ww_norm_rasx1,ww_pos+1,length(ww_norm_rasx1))
         │     ^
         │ Содержимое стека подключаемых файлов:
         │   Z:\VIP810\TNS\TNS_Auto\vip\T03_Transp_GSM.vip(26)
19:51:54 │  Предупреждение: Приведение строки к числу (стр.342, поз.7 в Z:\VIP810\TNS\TNS_AUTO\VIP\TRANSP_PUTLST.VPP)
         │       ww_str1:=substr(ww_norm_rasx,instr('#',ww_norm_rasx)+1,instr('&',ww_norm_rasx)-instr('#',ww_norm_rasx)-1)
         │       ^
         │ Содержимое стека подключаемых файлов:
         │   Z:\VIP810\TNS\TNS_Auto\vip\T03_Transp_GSM.vip(26)
19:51:54 │  Предупреждение: Приведение строки к числу (стр.359, поз.7 в Z:\VIP810\TNS\TNS_AUTO\VIP\TRANSP_PUTLST.VPP)
         │       ww_str1:=substr(ww_norm_rasx,instr('#',ww_norm_rasx)+1,instr('&',ww_norm_rasx)-instr('#',ww_norm_rasx)-1) 
         │       ^
         │ Содержимое стека подключаемых файлов:
         │   Z:\VIP810\TNS\TNS_Auto\vip\T03_Transp_GSM.vip(26)
19:51:54 │  Предупреждение: Приведение строки к числу (стр.376, поз.7 в Z:\VIP810\TNS\TNS_AUTO\VIP\TRANSP_PUTLST.VPP)
         │       ww_str1:=substr(ww_norm_rasx,instr('#',ww_norm_rasx)+1,instr('&',ww_norm_rasx)-instr('#',ww_norm_rasx)-1) 
         │       ^
         │ Содержимое стека подключаемых файлов:
         │   Z:\VIP810\TNS\TNS_Auto\vip\T03_Transp_GSM.vip(26)
19:51:55 │  Предупреждение: Таблица "TRANSP_2", включенная в главную логическую таблицу интерфейса "TRANSP_GSM_10", не была явно использована (стр.239, поз.5 в Z:\VIP810\TNS\TNS_Auto\vip\T10_Transp_GSM.vip)
         │ end.
         │     ^
19:51:56 │  Предупреждение: Таблица "TRANSP_2", включенная в главную логическую таблицу интерфейса "TRANSP_TALON_11", не была явно использована (стр.290, поз.5 в Z:\VIP810\TNS\TNS_Auto\vip\T11_Transp_Talon.vip)
         │ end.
         │     ^
19:51:56 │  Предупреждение: Таблица "TRANSP_2", включенная в главную логическую таблицу интерфейса "TRANSP_TALON_11_1", не была явно использована (стр.277, поз.5 в Z:\VIP810\TNS\TNS_Auto\vip\T11_Transp_Talon_1.vip)
         │ end.
         │     ^
19:51:57 │  Предупреждение: Таблица "TRANSP_2", включенная в главную логическую таблицу интерфейса "TRANSP_GSM_12", не была явно использована (стр.503, поз.5 в Z:\VIP810\TNS\TNS_Auto\vip\T12_Transp_GSM.vip)
         │ end.
         │     ^
19:52:00 │  Предупреждение: Сортировка реализуется на внешней выгрузке (стр.26, поз.37 в Z:\VIP810\TNS\TNS_AUTO\FRM\PL_KRAN_MAIN.FRM)
         │ order by katzak.EXITDN,katzak.EXITCH;
         │                                     ^
19:52:00 │  Информация: С ограничением RELATION Порядок STANDARD Реализуется на внешней выгрузке (стр.140, поз.9 в Z:\VIP810\TNS\TNS_AUTO\FRM\PL_KRAN_MAIN.FRM)
         │ .endform
         │         ^
19:52:04 │  Предупреждение: Файлы Z:\VIP810\TNS\TNS_Auto\frm\*.slk не найдены (стр.32, поз.18 в Z:\VIP810\TNS\TNS_Auto\TNS_Auto.prj)
         │ #make "frm\*.slk"
         │                  ^
19:52:04 │  Предупреждение: Описание типа M_TRANSP::objTranspUserProtect в файле  не совпадает с описанием в файле TRANSPUSERPROTECT.VIH. (стр.492, поз.1 в Z:\VIP810\TNS\TNS_Auto\vip\ALTER\ALTER_GET_MORL.VIP)
         │ <eof>
         │ ^
19:52:04 │  Предупреждение: Описание типа M_TRANSP::objTranspUserProtect в файле  не совпадает с описанием в файле TRANSPUSERPROTECT.VIH. (стр.492, поз.1 в Z:\VIP810\TNS\TNS_Auto\vip\ALTER\ALTER_GET_MORL.VIP)
         │ <eof>
         │ ^
19:52:07 │  Предупреждение: Описание типа M_TRANSP::String в файле  не совпадает с описанием в файле . (стр.103, поз.1 в Z:\VIP810\TNS\TNS_Auto\vip\ALTER\ALTER_KAR_WPS.VIP)
         │ <eof>
         │ ^
19:52:07 │  Предупреждение: Описание типа M_TRANSP::String в файле  не совпадает с описанием в файле . (стр.103, поз.1 в Z:\VIP810\TNS\TNS_Auto\vip\ALTER\ALTER_KAR_WPS.VIP)
         │ <eof>
         │ ^
19:52:07 │  Предупреждение: Описание типа M_TRANSP::String в файле  не совпадает с описанием в файле . (стр.103, поз.1 в Z:\VIP810\TNS\TNS_Auto\vip\ALTER\ALTER_KAR_WPS.VIP)
         │ <eof>
         │ ^
19:52:07 │  Предупреждение: Описание типа M_TRANSP::String в файле  не совпадает с описанием в файле . (стр.103, поз.1 в Z:\VIP810\TNS\TNS_Auto\vip\ALTER\ALTER_KAR_WPS.VIP)
         │ <eof>
         │ ^
19:52:07 │  Предупреждение: Описание типа M_TRANSP::String в файле  не совпадает с описанием в файле . (стр.103, поз.1 в Z:\VIP810\TNS\TNS_Auto\vip\ALTER\ALTER_KAR_WPS.VIP)
         │ <eof>
         │ ^
19:52:07 │  Предупреждение: Описание типа M_TRANSP::String в файле  не совпадает с описанием в файле . (стр.103, поз.1 в Z:\VIP810\TNS\TNS_Auto\vip\ALTER\ALTER_KAR_WPS.VIP)
         │ <eof>
         │ ^
19:52:07 │  Предупреждение: Описание типа M_TRANSP::String в файле  не совпадает с описанием в файле . (стр.103, поз.1 в Z:\VIP810\TNS\TNS_Auto\vip\ALTER\ALTER_KAR_WPS.VIP)
         │ <eof>
         │ ^
19:52:07 │  Предупреждение: Описание типа M_TRANSP::String в файле  не совпадает с описанием в файле . (стр.103, поз.1 в Z:\VIP810\TNS\TNS_Auto\vip\ALTER\ALTER_KAR_WPS.VIP)
         │ <eof>
         │ ^
19:52:07 │  Предупреждение: Описание типа M_TRANSP::String в файле  не совпадает с описанием в файле . (стр.103, поз.1 в Z:\VIP810\TNS\TNS_Auto\vip\ALTER\ALTER_KAR_WPS.VIP)
         │ <eof>
         │ ^
19:52:07 │  Предупреждение: Описание типа M_TRANSP::String в файле  не совпадает с описанием в файле . (стр.103, поз.1 в Z:\VIP810\TNS\TNS_Auto\vip\ALTER\ALTER_KAR_WPS.VIP)
         │ <eof>
         │ ^
19:52:07 │  Предупреждение: Описание типа M_TRANSP::String в файле  не совпадает с описанием в файле . (стр.103, поз.1 в Z:\VIP810\TNS\TNS_Auto\vip\ALTER\ALTER_KAR_WPS.VIP)
         │ <eof>
         │ ^
19:52:07 │  Предупреждение: Описание типа M_TRANSP::String в файле  не совпадает с описанием в файле . (стр.103, поз.1 в Z:\VIP810\TNS\TNS_Auto\vip\ALTER\ALTER_KAR_WPS.VIP)
         │ <eof>
         │ ^
19:52:14 │  Предупреждение: Описание типа M_TRANSP::String в файле  не совпадает с описанием в файле . (стр.511, поз.1 в Z:\VIP810\TNS\TNS_Auto\vip\ALTER\ALTER_PUT_LST.VIP)
         │ <eof>
         │ ^
19:52:14 │  Предупреждение: Описание типа M_TRANSP::String в файле  не совпадает с описанием в файле . (стр.511, поз.1 в Z:\VIP810\TNS\TNS_Auto\vip\ALTER\ALTER_PUT_LST.VIP)
         │ <eof>
         │ ^
19:52:14 │  Предупреждение: Описание типа M_TRANSP::String в файле  не совпадает с описанием в файле . (стр.511, поз.1 в Z:\VIP810\TNS\TNS_Auto\vip\ALTER\ALTER_PUT_LST.VIP)
         │ <eof>
         │ ^
19:52:14 │  Предупреждение: Описание типа M_TRANSP::String в файле  не совпадает с описанием в файле . (стр.511, поз.1 в Z:\VIP810\TNS\TNS_Auto\vip\ALTER\ALTER_PUT_LST.VIP)
         │ <eof>
         │ ^
19:52:14 │  Предупреждение: Описание типа M_TRANSP::String в файле  не совпадает с описанием в файле . (стр.511, поз.1 в Z:\VIP810\TNS\TNS_Auto\vip\ALTER\ALTER_PUT_LST.VIP)
         │ <eof>
         │ ^
19:52:14 │  Предупреждение: Описание типа M_TRANSP::String в файле  не совпадает с описанием в файле . (стр.511, поз.1 в Z:\VIP810\TNS\TNS_Auto\vip\ALTER\ALTER_PUT_LST.VIP)
         │ <eof>
         │ ^
19:52:14 │  Предупреждение: Описание типа M_TRANSP::String в файле  не совпадает с описанием в файле . (стр.511, поз.1 в Z:\VIP810\TNS\TNS_Auto\vip\ALTER\ALTER_PUT_LST.VIP)
         │ <eof>
         │ ^
19:52:14 │  Предупреждение: Описание типа M_TRANSP::String в файле  не совпадает с описанием в файле . (стр.511, поз.1 в Z:\VIP810\TNS\TNS_Auto\vip\ALTER\ALTER_PUT_LST.VIP)
         │ <eof>
         │ ^
19:52:14 │  Предупреждение: Описание типа M_TRANSP::String в файле  не совпадает с описанием в файле . (стр.511, поз.1 в Z:\VIP810\TNS\TNS_Auto\vip\ALTER\ALTER_PUT_LST.VIP)
         │ <eof>
         │ ^
19:52:14 │  Предупреждение: Описание типа M_TRANSP::String в файле  не совпадает с описанием в файле . (стр.511, поз.1 в Z:\VIP810\TNS\TNS_Auto\vip\ALTER\ALTER_PUT_LST.VIP)
         │ <eof>
         │ ^
19:52:14 │  Предупреждение: Описание типа M_TRANSP::String в файле  не совпадает с описанием в файле . (стр.511, поз.1 в Z:\VIP810\TNS\TNS_Auto\vip\ALTER\ALTER_PUT_LST.VIP)
         │ <eof>
         │ ^
19:52:14 │  Предупреждение: Описание типа M_TRANSP::String в файле  не совпадает с описанием в файле . (стр.511, поз.1 в Z:\VIP810\TNS\TNS_Auto\vip\ALTER\ALTER_PUT_LST.VIP)
         │ <eof>
         │ ^
19:52:14 │  Предупреждение: Файлы Z:\VIP810\TNS\TNS_Auto\vip\ALTER\*.cnf не найдены (стр.36, поз.24 в Z:\VIP810\TNS\TNS_Auto\TNS_Auto.prj)
         │ #make "vip\ALTER\*.cnf"
         │                        ^
19:52:14 │  Предупреждение: Не совпадает тип параметра 4 при вызове M_TRANSP::SHEET_VX   (стр.1302, поз.73 в Z:\VIP810\TNS\TNS_AUTO\VIP\IMPORTPUTLST.VIP)
19:52:14 │  и еще  (стр.415, поз.69 в Z:\VIP810\TNS\TNS_AUTO\VIP\ALTER\ALTER_PUT_LST.VIP)
19:52:14 │  Предупреждение: Не найден объект IVIPIFCIFC F_USERREPORT::GETMORALE, описывающий интерфейс вызова. Параметры вызова для F_USERREPORT::GETMORALE не проверены.  (стр.50, поз.44 в Z:\VIP810\TNS\TNS_AUTO\VIP\GETMORALE8_TNS_FRM.VIP)
