26.03.2014 10:41:14 [GAL#MIHAYLOVYV]:

FAILED: OCIServerAttach()
ORA-12170: TNS:Connect timeout occurred

26.03.2014 11:18:07 []:

FAILED: OCIServerAttach()
ORA-12170: TNS:Connect timeout occurred

26.03.2014 11:18:39 []:

FAILED: OCIServerAttach()
ORA-12170: TNS:Connect timeout occurred

26.03.2014 11:38:57 []:

FAILED: OCIServerAttach()
ORA-12170: TNS:Connect timeout occurred

26.03.2014 18:53:47 []:

FAILED: OCIServerAttach()
ORA-12170: TNS:Connect timeout occurred

26.03.2014 18:54:29 []:

FAILED: OCIServerAttach()
ORA-12170: TNS:Connect timeout occurred

26.03.2014 18:58:54 [GAL#MIHAYLOVYV]:

FAILED: OCIServerAttach()
ORA-12170: TNS:Connect timeout occurred

26.03.2014 18:59:25 [GAL#MIHAYLOVYV]:

FAILED: OCIServerAttach()
ORA-12170: TNS:Connect timeout occurred

26.03.2014 19:04:46 []:

FAILED: OCIServerAttach()
ORA-12170: TNS:Connect timeout occurred

26.03.2014 19:06:32 [GAL#MIHAYLOVYV]:

FAILED: OCIServerAttach()
ORA-12170: TNS:Connect timeout occurred

26.03.2014 19:19:11 []:

FAILED: OCIServerAttach()
ORA-12170: TNS:Connect timeout occurred

26.03.2014 19:19:41 []:

FAILED: OCIServerAttach()
ORA-12170: TNS:Connect timeout occurred

26.03.2014 19:23:38 [GAL#MIHAYLOVYV]:

FAILED: OCIServerAttach()
ORA-12170: TNS:Connect timeout occurred

26.03.2014 19:32:27 [GAL#MIHAYLOVYV]:

FAILED: OCIServerAttach()
ORA-12170: TNS:Connect timeout occurred

26.03.2014 19:32:31 [GAL#]:

FAILED: OCISessionBegin()
ORA-01017: invalid username/password; logon denied

26.03.2014 19:37:55 [GAL#MIHAYLOVYV]:

FAILED: OCIServerAttach()
ORA-12170: TNS:Connect timeout occurred

29.04.2014 11:04:27 [GAL#MIHAYLOVYV]:

FAILED: OCISessionBegin()
ORA-28000: the account is locked

29.04.2014 11:04:46 [GAL#MIHAYLOVYV]:

FAILED: OCISessionBegin()
ORA-28000: the account is locked

29.04.2014 11:18:00 [GAL#MIHAYLOVYV]:

FAILED: OCISessionBegin()
ORA-28000: the account is locked

02.05.2014 12:02:58 [GAL#MIHAYLOVYV]:

DECLARE ID VARCHAR2(40); BEGIN ID := GAL."GETUSERNREC" || GAL."GETSESSIONID"; DELETE FROM GAL."SYS#LOCKS" WHERE USERID = ID; END;
ORA-24909: call in progress. Current operation cancelled

02.05.2014 12:02:58 [GAL#MIHAYLOVYV]:

DELETE FROM GAL."X$ACTIVEUSERS" WHERE ROWID NOT IN (SELECT ADDRESS FROM GAL."SYS#LOCKS")
ORA-24909: call in progress. Current operation cancelled

02.05.2014 12:07:19 [GAL#MIHAYLOVYV]:

DECLARE ID VARCHAR2(40); BEGIN ID := GAL."GETUSERNREC" || GAL."GETSESSIONID"; DELETE FROM GAL."SYS#LOCKS" WHERE USERID = ID; END;
ORA-12571: TNS:packet writer failure

06.05.2014 15:49:11 [GAL#úòêîçÑôåçå]:

FAILED: OCISessionBegin()
ORA-01017: invalid username/password; logon denied

06.05.2014 16:21:40 []:

FAILED: OCIServerAttach()
ORA-12170: TNS:Connect timeout occurred

06.05.2014 16:22:14 []:

FAILED: OCIServerAttach()
ORA-12170: TNS:Connect timeout occurred

06.05.2014 16:23:26 [GAL#MIHAYLOVYV]:

FAILED: OCIServerAttach()
ORA-12170: TNS:Connect timeout occurred

06.05.2014 16:30:16 []:

FAILED: OCIServerAttach()
ORA-12170: TNS:Connect timeout occurred

06.05.2014 21:04:23 []:

FAILED: OCIServerAttach()
ORA-12170: TNS:Connect timeout occurred

06.05.2014 21:37:56 []:

FAILED: OCIServerAttach()
ORA-12170: TNS:Connect timeout occurred

06.05.2014 21:38:31 []:

FAILED: OCIServerAttach()
ORA-12170: TNS:Connect timeout occurred

07.05.2014 00:22:46 []:

FAILED: OCIServerAttach()
ORA-12170: TNS:Connect timeout occurred

07.05.2014 00:26:40 []:

FAILED: OCIServerAttach()
ORA-12170: TNS:Connect timeout occurred

07.05.2014 00:52:40 []:

FAILED: OCIServerAttach()
ORA-12170: TNS:Connect timeout occurred

07.05.2014 00:59:18 []:

FAILED: OCIServerAttach()
ORA-12170: TNS:Connect timeout occurred

07.05.2014 00:59:50 []:

FAILED: OCIServerAttach()
ORA-12170: TNS:Connect timeout occurred

07.05.2014 01:00:26 []:

FAILED: OCIServerAttach()
ORA-12170: TNS:Connect timeout occurred

07.05.2014 01:06:43 []:

FAILED: OCIServerAttach()
ORA-12170: TNS:Connect timeout occurred

07.05.2014 01:07:15 []:

FAILED: OCIServerAttach()
ORA-12170: TNS:Connect timeout occurred

07.05.2014 01:08:02 []:

FAILED: OCIServerAttach()
ORA-12170: TNS:Connect timeout occurred

07.05.2014 01:09:59 []:

FAILED: OCIServerAttach()
ORA-12170: TNS:Connect timeout occurred

07.05.2014 20:15:22 []:

FAILED: OCIServerAttach()
ORA-12170: TNS:Connect timeout occurred

07.05.2014 20:16:05 [GAL#MIHAYLOVYV]:

FAILED: OCIServerAttach()
ORA-12170: TNS:Connect timeout occurred

07.05.2014 20:20:02 []:

FAILED: OCIServerAttach()
ORA-12170: TNS:Connect timeout occurred

07.05.2014 20:23:21 []:

FAILED: OCIServerAttach()
ORA-12170: TNS:Connect timeout occurred

07.05.2014 20:23:53 []:

FAILED: OCIServerAttach()
ORA-12170: TNS:Connect timeout occurred

07.05.2014 20:34:16 [GAL#úòêîçÑôåçå]:

FAILED: OCISessionBegin()
ORA-01017: invalid username/password; logon denied

08.05.2014 17:20:01 []:

FAILED: OCIServerAttach()
ORA-12170: TNS:Connect timeout occurred

08.05.2014 17:23:24 []:

FAILED: OCIServerAttach()
ORA-12170: TNS:Connect timeout occurred

08.05.2014 17:45:41 []:

FAILED: OCIServerAttach()
ORA-12170: TNS:Connect timeout occurred

08.05.2014 18:53:22 [GAL#úòêîçÑôåçå]:

FAILED: OCISessionBegin()
ORA-01017: invalid username/password; logon denied

08.05.2014 19:03:50 []:

FAILED: OCIServerAttach()
ORA-12170: TNS:Connect timeout occurred

