
▓ Программа: "VipER.exe"  Время запуска: 11:11:11 02/04/2010
▓ Исполняемый модуль: "E:\Atl540_26\exe\VipER.exe"
▓ Система: Windows NT  Логин: "Shaidarov"  Станция: "PNR-NOTE586"

Менеджер динамической памяти "VipIDE_Heap(.SysUser)"
Потеряно блоков: 5, байтов: 376

Менеджер динамической памяти ".SysUserHeap(.SysUser)"
Потеряно блоков: 1187, байтов: 21164


▓ Программа: "VipER.exe"  Время запуска: 11:13:45 02/04/2010
▓ Исполняемый модуль: "E:\Atl540_26\exe\VipER.exe"
▓ Система: Windows NT  Логин: "Shaidarov"  Станция: "PNR-NOTE586"

Менеджер динамической памяти "VipIDE_Heap(.SysUser)"
Потеряно блоков: 4, байтов: 320

Менеджер динамической памяти ".SysUserHeap(.SysUser)"
Потеряно блоков: 1183, байтов: 20852


▓ Программа: "VipER.exe"  Время запуска: 00:59:01 07/09/2010
▓ Исполняемый модуль: "E:\Atl540_26\exe\VipER.exe"
▓ Система: Windows NT  Логин: "Shaidarov"  Станция: "PNR-NOTE586"

Менеджер динамической памяти "VipIDE_Heap(.SysUser)"
Потеряно блоков: 8, байтов: 548

Менеджер динамической памяти ".SysUserHeap(.SysUser)"
Потеряно блоков: 1212, байтов: 21516

