
▓ Программа: "VipER.exe"  Время запуска: 17:11:25 27/09/2010
▓ Исполняемый модуль: "E:\Atl540_33\exe\VipER.exe"
▓ Система: Windows NT  Логин: "Shaidarov"  Станция: "PNR-NOTE586"

Менеджер динамической памяти "VipIDE_Heap(.SysUser)"
Потеряно блоков: 8, байтов: 568

Менеджер динамической памяти ".SysUserHeap(.SysUser)"
Потеряно блоков: 924, байтов: 16288


▓ Программа: "VipER.exe"  Время запуска: 12:17:13 28/09/2010
▓ Исполняемый модуль: "E:\Atl540_33\exe\VipER.exe"
▓ Система: Windows NT  Логин: "Shaidarov"  Станция: "PNR-NOTE586"

Менеджер динамической памяти "VipIDE_Heap(.SysUser)"
Потеряно блоков: 14, байтов: 928

Менеджер динамической памяти ".SysUserHeap(.SysUser)"
Потеряно блоков: 1846, байтов: 32908


▓ Программа: "VipER.exe"  Время запуска: 13:02:25 28/09/2010
▓ Исполняемый модуль: "E:\Atl540_33\exe\VipER.exe"
▓ Система: Windows NT  Логин: "Shaidarov"  Станция: "PNR-NOTE586"

Менеджер динамической памяти "VipIDE_Heap(.SysUser)"
Потеряно блоков: 26, байтов: 1724

Менеджер динамической памяти ".SysUserHeap(.SysUser)"
Потеряно блоков: 3680, байтов: 65376


▓ Программа: "VipER.exe"  Время запуска: 13:29:53 28/09/2010
▓ Исполняемый модуль: "E:\Atl540_33\exe\VipER.exe"
▓ Система: Windows NT  Логин: "Shaidarov"  Станция: "PNR-NOTE586"

Менеджер динамической памяти "VipIDE_Heap(.SysUser)"
Потеряно блоков: 15, байтов: 1016

Менеджер динамической памяти ".SysUserHeap(.SysUser)"
Потеряно блоков: 1855, байтов: 33140


▓ Программа: "VipER.exe"  Время запуска: 17:55:51 28/09/2010
▓ Исполняемый модуль: "E:\Atl540_33\exe\VipER.exe"
▓ Система: Windows NT  Логин: "Shaidarov"  Станция: "PNR-NOTE586"

Менеджер динамической памяти "VipIDE_Heap(.SysUser)"
Потеряно блоков: 15, байтов: 1020

Менеджер динамической памяти ".SysUserHeap(.SysUser)"
Потеряно блоков: 1861, байтов: 33164


▓ Программа: "VipER.exe"  Время запуска: 18:42:43 28/09/2010
▓ Исполняемый модуль: "E:\Atl540_33\exe\VipER.exe"
▓ Система: Windows NT  Логин: "Shaidarov"  Станция: "PNR-NOTE586"

Менеджер динамической памяти "VipIDE_Heap(.SysUser)"
Потеряно блоков: 74, байтов: 4896

Менеджер динамической памяти ".SysUserHeap(.SysUser)"
Потеряно блоков: 10169, байтов: 179984


▓ Программа: "VipER.exe"  Время запуска: 12:18:25 29/09/2010
▓ Исполняемый модуль: "E:\Atl540_33\exe\VipER.exe"
▓ Система: Windows NT  Логин: "Shaidarov"  Станция: "PNR-NOTE586"

Менеджер динамической памяти "VipIDE_Heap(.SysUser)"
Потеряно блоков: 80, байтов: 5408

Менеджер динамической памяти ".SysUserHeap(.SysUser)"
Потеряно блоков: 12034, байтов: 213820


▓ Программа: "VipER.exe"  Время запуска: 10:59:51 16/06/2011
▓ Исполняемый модуль: "E:\Atl540_36\exe\VipER.exe"
▓ Система: Windows NT  Логин: "shaidarov"  Станция: "PNR-NOTE586"

Менеджер динамической памяти "VipIDE_Heap(.SysUser)"
Потеряно блоков: 6, байтов: 456

Менеджер динамической памяти ".SysUserHeap(.SysUser)"
Потеряно блоков: 928, байтов: 16580


▓ Программа: "VipER.exe"  Время запуска: 11:02:39 16/06/2011
▓ Исполняемый модуль: "E:\Atl540_36\exe\VipER.exe"
▓ Система: Windows NT  Логин: "shaidarov"  Станция: "PNR-NOTE586"

Менеджер динамической памяти "VipIDE_Heap(.SysUser)"
Потеряно блоков: 6, байтов: 456

Менеджер динамической памяти ".SysUserHeap(.SysUser)"
Потеряно блоков: 928, байтов: 16392

